Using pre-set license
Built from '2020.3/staging' branch; Version is '2020.3.4f1 (0abb6314276a) revision 703331'; Using compiler version '192528614'; Build Type 'Release'
OS: 'Windows 10 Education; OS build 19042.1415; Version 2009; 64bit' Language: 'en' Physical Memory: 8127 MB
BatchMode: 1, IsHumanControllingUs: 0, StartBugReporterOnCrash: 0, Is64bit: 1, IsPro: 0

 COMMAND LINE ARGUMENTS:
C:\Program Files\Unity\Hub\Editor\2020.3.4f1\Editor\Unity.exe
-adb2
-batchMode
-noUpm
-name
AssetImportWorker0
-projectPath
D:/GitHub/2D Game
-logFile
Logs/AssetImportWorker0.log
-srvPort
63934
Successfully changed project path to: D:/GitHub/2D Game
D:/GitHub/2D Game
Using Asset Import Pipeline V2.
Refreshing native plugins compatible for Editor in 39.01 ms, found 1 plugins.
Preloading 0 native plugins for Editor in 0.00 ms.
Initialize engine version: 2020.3.4f1 (0abb6314276a)
[Subsystems] Discovering subsystems at path C:/Program Files/Unity/Hub/Editor/2020.3.4f1/Editor/Data/Resources/UnitySubsystems
[Subsystems] Discovering subsystems at path D:/GitHub/2D Game/Assets
GfxDevice: creating device client; threaded=0
Direct3D:
    Version:  Direct3D 11.0 [level 11.1]
    Renderer: NVIDIA GeForce GTX 1650 (ID=0x1f82)
    Vendor:   
    VRAM:     3962 MB
    Driver:   30.0.14.7111
Initialize mono
Mono path[0] = 'C:/Program Files/Unity/Hub/Editor/2020.3.4f1/Editor/Data/Managed'
Mono path[1] = 'C:/Program Files/Unity/Hub/Editor/2020.3.4f1/Editor/Data/MonoBleedingEdge/lib/mono/unityjit'
Mono config path = 'C:/Program Files/Unity/Hub/Editor/2020.3.4f1/Editor/Data/MonoBleedingEdge/etc'
Using monoOptions --debugger-agent=transport=dt_socket,embedding=1,server=y,suspend=n,address=127.0.0.1:56956
Begin MonoManager ReloadAssembly
Registering precompiled unity dll's ...
Register platform support module: C:/Program Files/Unity/Hub/Editor/2020.3.4f1/Editor/Data/PlaybackEngines/WebGLSupport/UnityEditor.WebGL.Extensions.dll
Register platform support module: C:/Program Files/Unity/Hub/Editor/2020.3.4f1/Editor/Data/PlaybackEngines/MacStandaloneSupport/UnityEditor.OSXStandalone.Extensions.dll
Register platform support module: C:/Program Files/Unity/Hub/Editor/2020.3.4f1/Editor/Data/PlaybackEngines/WindowsStandaloneSupport/UnityEditor.WindowsStandalone.Extensions.dll
Register platform support module: C:/Program Files/Unity/Hub/Editor/2020.3.4f1/Editor/Data/PlaybackEngines/LinuxStandaloneSupport/UnityEditor.LinuxStandalone.Extensions.dll
Registered in 0.003490 seconds.
Native extension for LinuxStandalone target not found
Native extension for WindowsStandalone target not found
Native extension for OSXStandalone target not found
Native extension for WebGL target not found
Refreshing native plugins compatible for Editor in 40.95 ms, found 1 plugins.
Preloading 0 native plugins for Editor in 0.00 ms.
Mono: successfully reloaded assembly
- Completed reload, in  1.353 seconds
Platform modules already initialized, skipping
Registering precompiled user dll's ...
Registered in 0.000820 seconds.
Begin MonoManager ReloadAssembly
Native extension for LinuxStandalone target not found
Native extension for WindowsStandalone target not found
Native extension for OSXStandalone target not found
Native extension for WebGL target not found
Refreshing native plugins compatible for Editor in 44.72 ms, found 1 plugins.
Preloading 0 native plugins for Editor in 0.00 ms.
Mono: successfully reloaded assembly
- Completed reload, in  1.017 seconds
Platform modules already initialized, skipping
========================================================================
Worker process is ready to serve import requests
Launched and connected shader compiler UnityShaderCompiler.exe after 0.04 seconds
Refreshing native plugins compatible for Editor in 0.39 ms, found 1 plugins.
Preloading 0 native plugins for Editor in 0.00 ms.
Unloading 1958 Unused Serialized files (Serialized files now loaded: 0)
System memory in use before: 90.2 MB.
System memory in use after: 90.2 MB.

Unloading 24 unused Assets to reduce memory usage. Loaded Objects now: 2401.
Total: 2.689800 ms (FindLiveObjects: 0.259300 ms CreateObjectMapping: 0.062300 ms MarkObjects: 2.252200 ms  DeleteObjects: 0.114100 ms)

========================================================================
Received Import Request.
  path: Assets/Scripts
  artifactKey: Guid(2d301b10e8f12a54382bea9f7e7052f6) Importer(815301076,1909f56bfc062723c751e8b465ee728b)
Start importing Assets/Scripts using Guid(2d301b10e8f12a54382bea9f7e7052f6) Importer(815301076,1909f56bfc062723c751e8b465ee728b)  -> (artifact id: '12ae7714af8bddc3e79829df960ad900') in 0.010598 seconds
  Import took 0.014175 seconds .

========================================================================
Received Prepare
Refreshing native plugins compatible for Editor in 1.37 ms, found 1 plugins.
Preloading 0 native plugins for Editor in 0.00 ms.
Unloading 9 Unused Serialized files (Serialized files now loaded: 0)
System memory in use before: 51.2 MB.
System memory in use after: 51.3 MB.

Unloading 9 unused Assets to reduce memory usage. Loaded Objects now: 2401.
Total: 2.307900 ms (FindLiveObjects: 0.190700 ms CreateObjectMapping: 0.056300 ms MarkObjects: 1.955000 ms  DeleteObjects: 0.104200 ms)

========================================================================
Received Prepare
Registering precompiled user dll's ...
Registered in 0.001305 seconds.
Begin MonoManager ReloadAssembly
Native extension for LinuxStandalone target not found
Native extension for WindowsStandalone target not found
Native extension for OSXStandalone target not found
Native extension for WebGL target not found
Refreshing native plugins compatible for Editor in 0.53 ms, found 1 plugins.
Preloading 0 native plugins for Editor in 0.00 ms.
Mono: successfully reloaded assembly
- Completed reload, in  0.894 seconds
Platform modules already initialized, skipping
Refreshing native plugins compatible for Editor in 0.43 ms, found 1 plugins.
Preloading 0 native plugins for Editor in 0.00 ms.
Unloading 1950 Unused Serialized files (Serialized files now loaded: 0)
System memory in use before: 89.9 MB.
System memory in use after: 89.9 MB.

Unloading 12 unused Assets to reduce memory usage. Loaded Objects now: 2405.
Total: 2.706100 ms (FindLiveObjects: 0.292600 ms CreateObjectMapping: 0.076500 ms MarkObjects: 2.229300 ms  DeleteObjects: 0.106200 ms)

========================================================================
Received Prepare
Registering precompiled user dll's ...
Registered in 0.001173 seconds.
Begin MonoManager ReloadAssembly
Native extension for LinuxStandalone target not found
Native extension for WindowsStandalone target not found
Native extension for OSXStandalone target not found
Native extension for WebGL target not found
Refreshing native plugins compatible for Editor in 0.38 ms, found 1 plugins.
Preloading 0 native plugins for Editor in 0.00 ms.
Mono: successfully reloaded assembly
- Completed reload, in  0.852 seconds
Platform modules already initialized, skipping
Refreshing native plugins compatible for Editor in 0.38 ms, found 1 plugins.
Preloading 0 native plugins for Editor in 0.00 ms.
Unloading 1950 Unused Serialized files (Serialized files now loaded: 0)
System memory in use before: 89.9 MB.
System memory in use after: 90.0 MB.

Unloading 12 unused Assets to reduce memory usage. Loaded Objects now: 2409.
Total: 2.469500 ms (FindLiveObjects: 0.282500 ms CreateObjectMapping: 0.061000 ms MarkObjects: 2.019400 ms  DeleteObjects: 0.105100 ms)

========================================================================
Received Import Request.
  Time since last request: 516.926163 seconds.
  path: Assets/platforms.prefab
  artifactKey: Guid(0d5b5ef3e65f33642b06bdf06cf63b42) Importer(815301076,1909f56bfc062723c751e8b465ee728b)
Start importing Assets/platforms.prefab using Guid(0d5b5ef3e65f33642b06bdf06cf63b42) Importer(815301076,1909f56bfc062723c751e8b465ee728b)  -> (artifact id: '274f15d7de171301b37a8ef62f503df1') in 0.109924 seconds
  Import took 0.113199 seconds .

========================================================================
Received Prepare
Registering precompiled user dll's ...
Registered in 0.000892 seconds.
Begin MonoManager ReloadAssembly
Native extension for LinuxStandalone target not found
Native extension for WindowsStandalone target not found
Native extension for OSXStandalone target not found
Native extension for WebGL target not found
Refreshing native plugins compatible for Editor in 0.39 ms, found 1 plugins.
Preloading 0 native plugins for Editor in 0.00 ms.
Mono: successfully reloaded assembly
- Completed reload, in  0.869 seconds
Platform modules already initialized, skipping
Refreshing native plugins compatible for Editor in 0.43 ms, found 1 plugins.
Preloading 0 native plugins for Editor in 0.00 ms.
Unloading 1950 Unused Serialized files (Serialized files now loaded: 0)
System memory in use before: 93.1 MB.
System memory in use after: 93.1 MB.

Unloading 12 unused Assets to reduce memory usage. Loaded Objects now: 2420.
Total: 2.651900 ms (FindLiveObjects: 0.214900 ms CreateObjectMapping: 0.060700 ms MarkObjects: 2.267800 ms  DeleteObjects: 0.107000 ms)

========================================================================
Received Prepare
Registering precompiled user dll's ...
Registered in 0.000908 seconds.
Begin MonoManager ReloadAssembly
Native extension for LinuxStandalone target not found
Native extension for WindowsStandalone target not found
Native extension for OSXStandalone target not found
Native extension for WebGL target not found
Refreshing native plugins compatible for Editor in 0.47 ms, found 1 plugins.
Preloading 0 native plugins for Editor in 0.00 ms.
Mono: successfully reloaded assembly
- Completed reload, in  0.917 seconds
Platform modules already initialized, skipping
Refreshing native plugins compatible for Editor in 0.39 ms, found 1 plugins.
Preloading 0 native plugins for Editor in 0.00 ms.
Unloading 1950 Unused Serialized files (Serialized files now loaded: 0)
System memory in use before: 93.1 MB.
System memory in use after: 93.1 MB.

Unloading 12 unused Assets to reduce memory usage. Loaded Objects now: 2424.
Total: 1.972900 ms (FindLiveObjects: 0.199100 ms CreateObjectMapping: 0.042400 ms MarkObjects: 1.640100 ms  DeleteObjects: 0.090300 ms)

========================================================================
Received Import Request.
  Time since last request: 155.436486 seconds.
  path: Assets/platforms.prefab
  artifactKey: Guid(0d5b5ef3e65f33642b06bdf06cf63b42) Importer(815301076,1909f56bfc062723c751e8b465ee728b)
Start importing Assets/platforms.prefab using Guid(0d5b5ef3e65f33642b06bdf06cf63b42) Importer(815301076,1909f56bfc062723c751e8b465ee728b)  -> (artifact id: '958fd88a8e494f03e9713b7c6eea8f05') in 0.066562 seconds
  Import took 0.069624 seconds .

========================================================================
Received Import Request.
  Time since last request: 16.318461 seconds.
  path: Assets/Platforms 1.prefab
  artifactKey: Guid(26ac475f1e916304398a4ab58235053b) Importer(815301076,1909f56bfc062723c751e8b465ee728b)
Start importing Assets/Platforms 1.prefab using Guid(26ac475f1e916304398a4ab58235053b) Importer(815301076,1909f56bfc062723c751e8b465ee728b)  -> (artifact id: '8ae07d53d43100062688a0b5c17b1e7b') in 0.010435 seconds
  Import took 0.013865 seconds .

========================================================================
Received Import Request.
  Time since last request: 0.011338 seconds.
  path: Assets/Platforms 1.prefab
  artifactKey: Guid(26ac475f1e916304398a4ab58235053b) Importer(815301076,1909f56bfc062723c751e8b465ee728b)
Start importing Assets/Platforms 1.prefab using Guid(26ac475f1e916304398a4ab58235053b) Importer(815301076,1909f56bfc062723c751e8b465ee728b)  -> (artifact id: '8ae07d53d43100062688a0b5c17b1e7b') in 0.005195 seconds
  Import took 0.009154 seconds .

========================================================================
Received Prepare
Registering precompiled user dll's ...
Registered in 0.000853 seconds.
Begin MonoManager ReloadAssembly
Native extension for LinuxStandalone target not found
Native extension for WindowsStandalone target not found
Native extension for OSXStandalone target not found
Native extension for WebGL target not found
Refreshing native plugins compatible for Editor in 0.38 ms, found 1 plugins.
Preloading 0 native plugins for Editor in 0.00 ms.
Mono: successfully reloaded assembly
- Completed reload, in  0.937 seconds
Platform modules already initialized, skipping
Refreshing native plugins compatible for Editor in 0.39 ms, found 1 plugins.
Preloading 0 native plugins for Editor in 0.00 ms.
Unloading 1950 Unused Serialized files (Serialized files now loaded: 0)
System memory in use before: 93.1 MB.
System memory in use after: 93.1 MB.

Unloading 12 unused Assets to reduce memory usage. Loaded Objects now: 2429.
Total: 3.034800 ms (FindLiveObjects: 0.280300 ms CreateObjectMapping: 0.078600 ms MarkObjects: 2.557200 ms  DeleteObjects: 0.117200 ms)

========================================================================
Received Import Request.
  Time since last request: 100.705062 seconds.
  path: Assets/Platforms 1.prefab
  artifactKey: Guid(26ac475f1e916304398a4ab58235053b) Importer(815301076,1909f56bfc062723c751e8b465ee728b)
Start importing Assets/Platforms 1.prefab using Guid(26ac475f1e916304398a4ab58235053b) Importer(815301076,1909f56bfc062723c751e8b465ee728b)  -> (artifact id: '4abf8887571d7eb706c0622e2d40daa6') in 0.028791 seconds
  Import took 0.032288 seconds .

========================================================================
Received Import Request.
  Time since last request: 1.710233 seconds.
  path: Assets/Platforms 1.prefab
  artifactKey: Guid(26ac475f1e916304398a4ab58235053b) Importer(815301076,1909f56bfc062723c751e8b465ee728b)
Start importing Assets/Platforms 1.prefab using Guid(26ac475f1e916304398a4ab58235053b) Importer(815301076,1909f56bfc062723c751e8b465ee728b)  -> (artifact id: 'b05c463a519dc2a288b55a96c15b873c') in 0.004399 seconds
  Import took 0.007673 seconds .

========================================================================
Received Import Request.
  Time since last request: 2.474846 seconds.
  path: Assets/Platforms 1.prefab
  artifactKey: Guid(26ac475f1e916304398a4ab58235053b) Importer(815301076,1909f56bfc062723c751e8b465ee728b)
Start importing Assets/Platforms 1.prefab using Guid(26ac475f1e916304398a4ab58235053b) Importer(815301076,1909f56bfc062723c751e8b465ee728b)  -> (artifact id: 'e7842f4a2af86be3aab828253dfdf9da') in 0.004489 seconds
  Import took 0.007683 seconds .

========================================================================
Received Import Request.
  Time since last request: 63.345824 seconds.
  path: Assets/Platforms.prefab
  artifactKey: Guid(0d5b5ef3e65f33642b06bdf06cf63b42) Importer(815301076,1909f56bfc062723c751e8b465ee728b)
Start importing Assets/Platforms.prefab using Guid(0d5b5ef3e65f33642b06bdf06cf63b42) Importer(815301076,1909f56bfc062723c751e8b465ee728b)  -> (artifact id: '3f8da7f87543e47f60fe2876817561d9') in 0.023859 seconds
  Import took 0.027567 seconds .

========================================================================
Received Prepare
Registering precompiled user dll's ...
Registered in 0.000878 seconds.
Begin MonoManager ReloadAssembly
Native extension for LinuxStandalone target not found
Native extension for WindowsStandalone target not found
Native extension for OSXStandalone target not found
Native extension for WebGL target not found
Refreshing native plugins compatible for Editor in 0.40 ms, found 1 plugins.
Preloading 0 native plugins for Editor in 0.00 ms.
Mono: successfully reloaded assembly
- Completed reload, in  0.872 seconds
Platform modules already initialized, skipping
Refreshing native plugins compatible for Editor in 0.41 ms, found 1 plugins.
Preloading 0 native plugins for Editor in 0.00 ms.
Unloading 1950 Unused Serialized files (Serialized files now loaded: 0)
System memory in use before: 93.1 MB.
System memory in use after: 93.1 MB.

Unloading 12 unused Assets to reduce memory usage. Loaded Objects now: 2433.
Total: 3.174700 ms (FindLiveObjects: 0.314500 ms CreateObjectMapping: 0.080700 ms MarkObjects: 2.652700 ms  DeleteObjects: 0.125400 ms)

========================================================================
Received Prepare
Registering precompiled user dll's ...
Registered in 0.000901 seconds.
Begin MonoManager ReloadAssembly
Native extension for LinuxStandalone target not found
Native extension for WindowsStandalone target not found
Native extension for OSXStandalone target not found
Native extension for WebGL target not found
Refreshing native plugins compatible for Editor in 0.39 ms, found 1 plugins.
Preloading 0 native plugins for Editor in 0.00 ms.
Mono: successfully reloaded assembly
- Completed reload, in  0.859 seconds
Platform modules already initialized, skipping
Refreshing native plugins compatible for Editor in 0.42 ms, found 1 plugins.
Preloading 0 native plugins for Editor in 0.00 ms.
Unloading 1950 Unused Serialized files (Serialized files now loaded: 0)
System memory in use before: 93.1 MB.
System memory in use after: 93.1 MB.

Unloading 12 unused Assets to reduce memory usage. Loaded Objects now: 2437.
Total: 2.699000 ms (FindLiveObjects: 0.238600 ms CreateObjectMapping: 0.061800 ms MarkObjects: 2.283800 ms  DeleteObjects: 0.113100 ms)

========================================================================
Received Prepare
Registering precompiled user dll's ...
Registered in 0.000838 seconds.
Begin MonoManager ReloadAssembly
Native extension for LinuxStandalone target not found
Native extension for WindowsStandalone target not found
Native extension for OSXStandalone target not found
Native extension for WebGL target not found
Refreshing native plugins compatible for Editor in 0.38 ms, found 1 plugins.
Preloading 0 native plugins for Editor in 0.00 ms.
Mono: successfully reloaded assembly
- Completed reload, in  0.873 seconds
Platform modules already initialized, skipping
Refreshing native plugins compatible for Editor in 0.41 ms, found 1 plugins.
Preloading 0 native plugins for Editor in 0.00 ms.
Unloading 1950 Unused Serialized files (Serialized files now loaded: 0)
System memory in use before: 93.1 MB.
System memory in use after: 93.1 MB.

Unloading 12 unused Assets to reduce memory usage. Loaded Objects now: 2441.
Total: 2.895400 ms (FindLiveObjects: 0.306000 ms CreateObjectMapping: 0.073400 ms MarkObjects: 2.397700 ms  DeleteObjects: 0.116800 ms)

========================================================================
Received Prepare
Registering precompiled user dll's ...
Registered in 0.001027 seconds.
Begin MonoManager ReloadAssembly
Native extension for LinuxStandalone target not found
Native extension for WindowsStandalone target not found
Native extension for OSXStandalone target not found
Native extension for WebGL target not found
Refreshing native plugins compatible for Editor in 0.38 ms, found 1 plugins.
Preloading 0 native plugins for Editor in 0.00 ms.
Mono: successfully reloaded assembly
- Completed reload, in  0.883 seconds
Platform modules already initialized, skipping
Refreshing native plugins compatible for Editor in 0.40 ms, found 1 plugins.
Preloading 0 native plugins for Editor in 0.00 ms.
Unloading 1950 Unused Serialized files (Serialized files now loaded: 0)
System memory in use before: 93.1 MB.
System memory in use after: 93.2 MB.

Unloading 12 unused Assets to reduce memory usage. Loaded Objects now: 2445.
Total: 2.709700 ms (FindLiveObjects: 0.242200 ms CreateObjectMapping: 0.064700 ms MarkObjects: 2.286200 ms  DeleteObjects: 0.115500 ms)

========================================================================
Received Prepare
Registering precompiled user dll's ...
Registered in 0.000851 seconds.
Begin MonoManager ReloadAssembly
Native extension for LinuxStandalone target not found
Native extension for WindowsStandalone target not found
Native extension for OSXStandalone target not found
Native extension for WebGL target not found
Refreshing native plugins compatible for Editor in 0.38 ms, found 1 plugins.
Preloading 0 native plugins for Editor in 0.00 ms.
Mono: successfully reloaded assembly
- Completed reload, in  0.876 seconds
Platform modules already initialized, skipping
Refreshing native plugins compatible for Editor in 0.41 ms, found 1 plugins.
Preloading 0 native plugins for Editor in 0.00 ms.
Unloading 1950 Unused Serialized files (Serialized files now loaded: 0)
System memory in use before: 93.1 MB.
System memory in use after: 93.2 MB.

Unloading 12 unused Assets to reduce memory usage. Loaded Objects now: 2449.
Total: 3.205500 ms (FindLiveObjects: 0.341300 ms CreateObjectMapping: 0.103000 ms MarkObjects: 2.636600 ms  DeleteObjects: 0.122600 ms)

========================================================================
Received Prepare
Registering precompiled user dll's ...
Registered in 0.000916 seconds.
Begin MonoManager ReloadAssembly
Native extension for LinuxStandalone target not found
Native extension for WindowsStandalone target not found
Native extension for OSXStandalone target not found
Native extension for WebGL target not found
Refreshing native plugins compatible for Editor in 0.39 ms, found 1 plugins.
Preloading 0 native plugins for Editor in 0.00 ms.
Mono: successfully reloaded assembly
- Completed reload, in  0.849 seconds
Platform modules already initialized, skipping
Refreshing native plugins compatible for Editor in 0.41 ms, found 1 plugins.
Preloading 0 native plugins for Editor in 0.00 ms.
Unloading 1950 Unused Serialized files (Serialized files now loaded: 0)
System memory in use before: 93.2 MB.
System memory in use after: 93.2 MB.

Unloading 12 unused Assets to reduce memory usage. Loaded Objects now: 2453.
Total: 2.706600 ms (FindLiveObjects: 0.230000 ms CreateObjectMapping: 0.062200 ms MarkObjects: 2.304100 ms  DeleteObjects: 0.108900 ms)

========================================================================
Received Prepare
Registering precompiled user dll's ...
Registered in 0.000865 seconds.
Begin MonoManager ReloadAssembly
Native extension for LinuxStandalone target not found
Native extension for WindowsStandalone target not found
Native extension for OSXStandalone target not found
Native extension for WebGL target not found
Refreshing native plugins compatible for Editor in 0.39 ms, found 1 plugins.
Preloading 0 native plugins for Editor in 0.00 ms.
Mono: successfully reloaded assembly
- Completed reload, in  0.863 seconds
Platform modules already initialized, skipping
Refreshing native plugins compatible for Editor in 0.41 ms, found 1 plugins.
Preloading 0 native plugins for Editor in 0.00 ms.
Unloading 1950 Unused Serialized files (Serialized files now loaded: 0)
System memory in use before: 93.2 MB.
System memory in use after: 93.2 MB.

Unloading 12 unused Assets to reduce memory usage. Loaded Objects now: 2457.
Total: 2.689100 ms (FindLiveObjects: 0.299200 ms CreateObjectMapping: 0.057900 ms MarkObjects: 2.216800 ms  DeleteObjects: 0.113900 ms)

========================================================================
Received Prepare
Registering precompiled user dll's ...
Registered in 0.000826 seconds.
Begin MonoManager ReloadAssembly
Native extension for LinuxStandalone target not found
Native extension for WindowsStandalone target not found
Native extension for OSXStandalone target not found
Native extension for WebGL target not found
Refreshing native plugins compatible for Editor in 0.38 ms, found 1 plugins.
Preloading 0 native plugins for Editor in 0.00 ms.
Mono: successfully reloaded assembly
- Completed reload, in  0.874 seconds
Platform modules already initialized, skipping
Refreshing native plugins compatible for Editor in 0.38 ms, found 1 plugins.
Preloading 0 native plugins for Editor in 0.00 ms.
Unloading 1950 Unused Serialized files (Serialized files now loaded: 0)
System memory in use before: 93.2 MB.
System memory in use after: 93.2 MB.

Unloading 12 unused Assets to reduce memory usage. Loaded Objects now: 2461.
Total: 2.554200 ms (FindLiveObjects: 0.281400 ms CreateObjectMapping: 0.085800 ms MarkObjects: 2.077300 ms  DeleteObjects: 0.108000 ms)

========================================================================
Received Import Request.
  Time since last request: 412.554132 seconds.
  path: Assets/Square.prefab
  artifactKey: Guid(b5e35a835b7f1794aa65bdb126141752) Importer(815301076,1909f56bfc062723c751e8b465ee728b)
Start importing Assets/Square.prefab using Guid(b5e35a835b7f1794aa65bdb126141752) Importer(815301076,1909f56bfc062723c751e8b465ee728b)  -> (artifact id: '12e4d6d3966a10628716c4a6f690dbc1') in 0.056812 seconds
  Import took 0.060372 seconds .

========================================================================
Received Import Request.
  Time since last request: 48.176031 seconds.
  path: Assets/Brackeys/2D Mega Pack/Effects/PixelParticle.png
  artifactKey: Guid(20cc7aa77cf0c554eaf57b9dfce35c24) Importer(815301076,1909f56bfc062723c751e8b465ee728b)
Start importing Assets/Brackeys/2D Mega Pack/Effects/PixelParticle.png using Guid(20cc7aa77cf0c554eaf57b9dfce35c24) Importer(815301076,1909f56bfc062723c751e8b465ee728b)  -> (artifact id: 'bb8fc75f28701638b7b8890fa06fc5e8') in 0.105726 seconds
  Import took 0.108987 seconds .

========================================================================
Received Import Request.
  Time since last request: 0.000217 seconds.
  path: Assets/Brackeys/2D Mega Pack/Food & Plants/Food/Pizza_Seed.png
  artifactKey: Guid(8b7076b3e60bb074bbc624219774fbd8) Importer(815301076,1909f56bfc062723c751e8b465ee728b)
Start importing Assets/Brackeys/2D Mega Pack/Food & Plants/Food/Pizza_Seed.png using Guid(8b7076b3e60bb074bbc624219774fbd8) Importer(815301076,1909f56bfc062723c751e8b465ee728b)  -> (artifact id: '1f812b8a9dbfa778ed85ab5385e39b34') in 0.020094 seconds
  Import took 0.023683 seconds .

========================================================================
Received Import Request.
  Time since last request: 0.000175 seconds.
  path: Assets/Brackeys/2D Mega Pack/Effects/PixelParticle.png
  artifactKey: Guid(20cc7aa77cf0c554eaf57b9dfce35c24) Importer(815301076,1909f56bfc062723c751e8b465ee728b)
Start importing Assets/Brackeys/2D Mega Pack/Effects/PixelParticle.png using Guid(20cc7aa77cf0c554eaf57b9dfce35c24) Importer(815301076,1909f56bfc062723c751e8b465ee728b)  -> (artifact id: 'bb8fc75f28701638b7b8890fa06fc5e8') in 0.007328 seconds
  Import took 0.011067 seconds .

========================================================================
Received Import Request.
  Time since last request: 0.000197 seconds.
  path: Assets/Brackeys/2D Mega Pack/Food & Plants/Food/Pizza_Done.png
  artifactKey: Guid(c5efe437a3425564a9021a187d541e46) Importer(815301076,1909f56bfc062723c751e8b465ee728b)
Start importing Assets/Brackeys/2D Mega Pack/Food & Plants/Food/Pizza_Done.png using Guid(c5efe437a3425564a9021a187d541e46) Importer(815301076,1909f56bfc062723c751e8b465ee728b)  -> (artifact id: '4de09f237da714c2ecbedbea71294a07') in 0.019032 seconds
  Import took 0.021922 seconds .

========================================================================
Received Import Request.
  Time since last request: 0.000186 seconds.
  path: Assets/Brackeys/2D Mega Pack/Food & Plants/Food/Pizza_Dead.png
  artifactKey: Guid(3dc9277b4d7254c4bb24a43248eea086) Importer(815301076,1909f56bfc062723c751e8b465ee728b)
Start importing Assets/Brackeys/2D Mega Pack/Food & Plants/Food/Pizza_Dead.png using Guid(3dc9277b4d7254c4bb24a43248eea086) Importer(815301076,1909f56bfc062723c751e8b465ee728b)  -> (artifact id: 'f1a95e495b9b2b5df91d3f6479907f8f') in 0.028318 seconds
  Import took 0.031517 seconds .

========================================================================
Received Import Request.
  Time since last request: 0.000340 seconds.
  path: Assets/Brackeys/2D Mega Pack/Food & Plants/Food/Pizza_Done.png
  artifactKey: Guid(c5efe437a3425564a9021a187d541e46) Importer(815301076,1909f56bfc062723c751e8b465ee728b)
Start importing Assets/Brackeys/2D Mega Pack/Food & Plants/Food/Pizza_Done.png using Guid(c5efe437a3425564a9021a187d541e46) Importer(815301076,1909f56bfc062723c751e8b465ee728b)  -> (artifact id: '4de09f237da714c2ecbedbea71294a07') in 0.009169 seconds
  Import took 0.012299 seconds .

========================================================================
Received Prepare
Registering precompiled user dll's ...
Registered in 0.000864 seconds.
Begin MonoManager ReloadAssembly
Native extension for LinuxStandalone target not found
Native extension for WindowsStandalone target not found
Native extension for OSXStandalone target not found
Native extension for WebGL target not found
Refreshing native plugins compatible for Editor in 0.39 ms, found 1 plugins.
Preloading 0 native plugins for Editor in 0.00 ms.
Mono: successfully reloaded assembly
- Completed reload, in  0.878 seconds
Platform modules already initialized, skipping
Refreshing native plugins compatible for Editor in 0.41 ms, found 1 plugins.
Preloading 0 native plugins for Editor in 0.00 ms.
Unloading 1950 Unused Serialized files (Serialized files now loaded: 0)
System memory in use before: 93.2 MB.
System memory in use after: 93.2 MB.

Unloading 12 unused Assets to reduce memory usage. Loaded Objects now: 2473.
Total: 2.569300 ms (FindLiveObjects: 0.211000 ms CreateObjectMapping: 0.058700 ms MarkObjects: 2.192700 ms  DeleteObjects: 0.105700 ms)

========================================================================
Received Prepare
Registering precompiled user dll's ...
Registered in 0.000908 seconds.
Begin MonoManager ReloadAssembly
Native extension for LinuxStandalone target not found
Native extension for WindowsStandalone target not found
Native extension for OSXStandalone target not found
Native extension for WebGL target not found
Refreshing native plugins compatible for Editor in 0.39 ms, found 1 plugins.
Preloading 0 native plugins for Editor in 0.00 ms.
Mono: successfully reloaded assembly
- Completed reload, in  0.874 seconds
Platform modules already initialized, skipping
Refreshing native plugins compatible for Editor in 0.42 ms, found 1 plugins.
Preloading 0 native plugins for Editor in 0.00 ms.
Unloading 1950 Unused Serialized files (Serialized files now loaded: 0)
System memory in use before: 93.2 MB.
System memory in use after: 93.2 MB.

Unloading 12 unused Assets to reduce memory usage. Loaded Objects now: 2477.
Total: 2.143100 ms (FindLiveObjects: 0.228100 ms CreateObjectMapping: 0.061100 ms MarkObjects: 1.752300 ms  DeleteObjects: 0.100100 ms)

========================================================================
Received Prepare
Registering precompiled user dll's ...
Registered in 0.000869 seconds.
Begin MonoManager ReloadAssembly
Native extension for LinuxStandalone target not found
Native extension for WindowsStandalone target not found
Native extension for OSXStandalone target not found
Native extension for WebGL target not found
Refreshing native plugins compatible for Editor in 0.46 ms, found 1 plugins.
Preloading 0 native plugins for Editor in 0.00 ms.
Mono: successfully reloaded assembly
- Completed reload, in  0.907 seconds
Platform modules already initialized, skipping
Refreshing native plugins compatible for Editor in 0.42 ms, found 1 plugins.
Preloading 0 native plugins for Editor in 0.00 ms.
Unloading 1950 Unused Serialized files (Serialized files now loaded: 0)
System memory in use before: 93.2 MB.
System memory in use after: 93.3 MB.

Unloading 12 unused Assets to reduce memory usage. Loaded Objects now: 2481.
Total: 2.524700 ms (FindLiveObjects: 0.237800 ms CreateObjectMapping: 0.049200 ms MarkObjects: 2.138400 ms  DeleteObjects: 0.097800 ms)

========================================================================
Received Import Request.
  Time since last request: 130.318856 seconds.
  path: Assets/Platforms.prefab
  artifactKey: Guid(0d5b5ef3e65f33642b06bdf06cf63b42) Importer(815301076,1909f56bfc062723c751e8b465ee728b)
Start importing Assets/Platforms.prefab using Guid(0d5b5ef3e65f33642b06bdf06cf63b42) Importer(815301076,1909f56bfc062723c751e8b465ee728b)  -> (artifact id: '8b4473781b1c3244c6b101c885f1b9dd') in 0.059890 seconds
  Import took 0.063374 seconds .

========================================================================
Received Prepare
Registering precompiled user dll's ...
Registered in 0.001095 seconds.
Begin MonoManager ReloadAssembly
Native extension for LinuxStandalone target not found
Native extension for WindowsStandalone target not found
Native extension for OSXStandalone target not found
Native extension for WebGL target not found
Refreshing native plugins compatible for Editor in 0.40 ms, found 1 plugins.
Preloading 0 native plugins for Editor in 0.00 ms.
Mono: successfully reloaded assembly
- Completed reload, in  0.908 seconds
Platform modules already initialized, skipping
Refreshing native plugins compatible for Editor in 0.38 ms, found 1 plugins.
Preloading 0 native plugins for Editor in 0.00 ms.
Unloading 1950 Unused Serialized files (Serialized files now loaded: 0)
System memory in use before: 93.2 MB.
System memory in use after: 93.3 MB.

Unloading 12 unused Assets to reduce memory usage. Loaded Objects now: 2486.
Total: 2.466900 ms (FindLiveObjects: 0.297700 ms CreateObjectMapping: 0.045000 ms MarkObjects: 2.015200 ms  DeleteObjects: 0.106800 ms)

========================================================================
Received Import Request.
  Time since last request: 221.782837 seconds.
  path: Assets/NewBehaviourScript.cs
  artifactKey: Guid(9116bea9c9a984c44966d201e84d7927) Importer(815301076,1909f56bfc062723c751e8b465ee728b)
Start importing Assets/NewBehaviourScript.cs using Guid(9116bea9c9a984c44966d201e84d7927) Importer(815301076,1909f56bfc062723c751e8b465ee728b)  -> (artifact id: '00019ad10526929ddd85a780991feedb') in 0.042184 seconds
  Import took 0.046145 seconds .

========================================================================
Received Prepare
Registering precompiled user dll's ...
Registered in 0.000918 seconds.
Begin MonoManager ReloadAssembly
Native extension for LinuxStandalone target not found
Native extension for WindowsStandalone target not found
Native extension for OSXStandalone target not found
Native extension for WebGL target not found
Refreshing native plugins compatible for Editor in 0.41 ms, found 1 plugins.
Preloading 0 native plugins for Editor in 0.00 ms.
Mono: successfully reloaded assembly
- Completed reload, in  0.892 seconds
Platform modules already initialized, skipping
Refreshing native plugins compatible for Editor in 0.41 ms, found 1 plugins.
Preloading 0 native plugins for Editor in 0.00 ms.
Unloading 1951 Unused Serialized files (Serialized files now loaded: 0)
System memory in use before: 93.3 MB.
System memory in use after: 93.3 MB.

Unloading 12 unused Assets to reduce memory usage. Loaded Objects now: 2491.
Total: 2.376500 ms (FindLiveObjects: 0.280400 ms CreateObjectMapping: 0.051800 ms MarkObjects: 1.948100 ms  DeleteObjects: 0.094400 ms)

========================================================================
Received Import Request.
  Time since last request: 13.197715 seconds.
  path: Assets/Scripts/Dash.cs
  artifactKey: Guid(9116bea9c9a984c44966d201e84d7927) Importer(815301076,1909f56bfc062723c751e8b465ee728b)
Start importing Assets/Scripts/Dash.cs using Guid(9116bea9c9a984c44966d201e84d7927) Importer(815301076,1909f56bfc062723c751e8b465ee728b)  -> (artifact id: '81b5eef94782f3c585f427adfc9e911f') in 0.009899 seconds
  Import took 0.013187 seconds .

========================================================================
Received Prepare
Registering precompiled user dll's ...
Registered in 0.000880 seconds.
Begin MonoManager ReloadAssembly
Native extension for LinuxStandalone target not found
Native extension for WindowsStandalone target not found
Native extension for OSXStandalone target not found
Native extension for WebGL target not found
Refreshing native plugins compatible for Editor in 0.47 ms, found 1 plugins.
Preloading 0 native plugins for Editor in 0.00 ms.
Mono: successfully reloaded assembly
- Completed reload, in  0.903 seconds
Platform modules already initialized, skipping
Refreshing native plugins compatible for Editor in 0.42 ms, found 1 plugins.
Preloading 0 native plugins for Editor in 0.00 ms.
Unloading 1950 Unused Serialized files (Serialized files now loaded: 0)
System memory in use before: 93.3 MB.
System memory in use after: 93.3 MB.

Unloading 13 unused Assets to reduce memory usage. Loaded Objects now: 2494.
Total: 2.817600 ms (FindLiveObjects: 0.409500 ms CreateObjectMapping: 0.072900 ms MarkObjects: 2.220100 ms  DeleteObjects: 0.113300 ms)

========================================================================
Received Prepare
Registering precompiled user dll's ...
Registered in 0.000847 seconds.
Begin MonoManager ReloadAssembly
Native extension for LinuxStandalone target not found
Native extension for WindowsStandalone target not found
Native extension for OSXStandalone target not found
Native extension for WebGL target not found
Refreshing native plugins compatible for Editor in 0.43 ms, found 1 plugins.
Preloading 0 native plugins for Editor in 0.00 ms.
Mono: successfully reloaded assembly
- Completed reload, in  0.887 seconds
Platform modules already initialized, skipping
Refreshing native plugins compatible for Editor in 0.39 ms, found 1 plugins.
Preloading 0 native plugins for Editor in 0.00 ms.
Unloading 1950 Unused Serialized files (Serialized files now loaded: 0)
System memory in use before: 93.3 MB.
System memory in use after: 93.3 MB.

Unloading 12 unused Assets to reduce memory usage. Loaded Objects now: 2498.
Total: 2.482200 ms (FindLiveObjects: 0.242500 ms CreateObjectMapping: 0.068200 ms MarkObjects: 2.061700 ms  DeleteObjects: 0.108700 ms)

========================================================================
Received Import Request.
  Time since last request: 21.672739 seconds.
  path: Assets/Scripts/Movement.cs
  artifactKey: Guid(507d41364c680824a869d499396e9e61) Importer(815301076,1909f56bfc062723c751e8b465ee728b)
Start importing Assets/Scripts/Movement.cs using Guid(507d41364c680824a869d499396e9e61) Importer(815301076,1909f56bfc062723c751e8b465ee728b)  -> (artifact id: '75c7fad06f687c117a86b2b454e72e01') in 0.014230 seconds
  Import took 0.018588 seconds .

========================================================================
Received Import Request.
  Time since last request: 0.039738 seconds.
  path: Assets/Scripts/Movement.cs
  artifactKey: Guid(507d41364c680824a869d499396e9e61) Importer(815301076,1909f56bfc062723c751e8b465ee728b)
Start importing Assets/Scripts/Movement.cs using Guid(507d41364c680824a869d499396e9e61) Importer(815301076,1909f56bfc062723c751e8b465ee728b)  -> (artifact id: '75c7fad06f687c117a86b2b454e72e01') in 0.003214 seconds
  Import took 0.009039 seconds .

========================================================================
Received Prepare
Registering precompiled user dll's ...
Registered in 0.000833 seconds.
Begin MonoManager ReloadAssembly
Native extension for LinuxStandalone target not found
Native extension for WindowsStandalone target not found
Native extension for OSXStandalone target not found
Native extension for WebGL target not found
Refreshing native plugins compatible for Editor in 0.47 ms, found 1 plugins.
Preloading 0 native plugins for Editor in 0.00 ms.
Mono: successfully reloaded assembly
- Completed reload, in  0.901 seconds
Platform modules already initialized, skipping
Refreshing native plugins compatible for Editor in 0.72 ms, found 1 plugins.
Preloading 0 native plugins for Editor in 0.00 ms.
Unloading 1950 Unused Serialized files (Serialized files now loaded: 0)
System memory in use before: 93.3 MB.
System memory in use after: 93.3 MB.

Unloading 12 unused Assets to reduce memory usage. Loaded Objects now: 2502.
Total: 3.732100 ms (FindLiveObjects: 0.373400 ms CreateObjectMapping: 0.146700 ms MarkObjects: 3.033500 ms  DeleteObjects: 0.176300 ms)

========================================================================
Received Import Request.
  Time since last request: 1547.604317 seconds.
  path: ProjectSettings/TagManager.asset
  artifactKey: Guid(00000000000000003000000000000000) Importer(815301076,1909f56bfc062723c751e8b465ee728b)
Start importing ProjectSettings/TagManager.asset using Guid(00000000000000003000000000000000) Importer(815301076,1909f56bfc062723c751e8b465ee728b)  -> (artifact id: 'f468525c8c0ae2399d1c8c62a16e4954') in 0.026858 seconds
  Import took 0.034040 seconds .

========================================================================
Received Prepare
Registering precompiled user dll's ...
Registered in 0.049346 seconds.
Begin MonoManager ReloadAssembly
Native extension for LinuxStandalone target not found
Native extension for WindowsStandalone target not found
Native extension for OSXStandalone target not found
Native extension for WebGL target not found
Refreshing native plugins compatible for Editor in 0.38 ms, found 1 plugins.
Preloading 0 native plugins for Editor in 0.00 ms.
Mono: successfully reloaded assembly
- Completed reload, in  0.991 seconds
Platform modules already initialized, skipping
Refreshing native plugins compatible for Editor in 0.41 ms, found 1 plugins.
Preloading 0 native plugins for Editor in 0.00 ms.
Unloading 1950 Unused Serialized files (Serialized files now loaded: 0)
System memory in use before: 93.3 MB.
System memory in use after: 93.3 MB.

Unloading 13 unused Assets to reduce memory usage. Loaded Objects now: 2506.
Total: 2.674100 ms (FindLiveObjects: 0.260500 ms CreateObjectMapping: 0.063200 ms MarkObjects: 2.238600 ms  DeleteObjects: 0.110400 ms)

========================================================================
Received Prepare
Registering precompiled user dll's ...
Registered in 0.000809 seconds.
Begin MonoManager ReloadAssembly
Native extension for LinuxStandalone target not found
Native extension for WindowsStandalone target not found
Native extension for OSXStandalone target not found
Native extension for WebGL target not found
Refreshing native plugins compatible for Editor in 0.43 ms, found 1 plugins.
Preloading 0 native plugins for Editor in 0.00 ms.
Mono: successfully reloaded assembly
- Completed reload, in  1.023 seconds
Platform modules already initialized, skipping
Refreshing native plugins compatible for Editor in 0.50 ms, found 1 plugins.
Preloading 0 native plugins for Editor in 0.00 ms.
Unloading 1950 Unused Serialized files (Serialized files now loaded: 0)
System memory in use before: 93.3 MB.
System memory in use after: 93.3 MB.

Unloading 12 unused Assets to reduce memory usage. Loaded Objects now: 2510.
Total: 2.869200 ms (FindLiveObjects: 0.319300 ms CreateObjectMapping: 0.100400 ms MarkObjects: 2.319900 ms  DeleteObjects: 0.127600 ms)

========================================================================
Received Prepare
Registering precompiled user dll's ...
Registered in 0.000815 seconds.
Begin MonoManager ReloadAssembly
Native extension for LinuxStandalone target not found
Native extension for WindowsStandalone target not found
Native extension for OSXStandalone target not found
Native extension for WebGL target not found
Refreshing native plugins compatible for Editor in 0.43 ms, found 1 plugins.
Preloading 0 native plugins for Editor in 0.00 ms.
Mono: successfully reloaded assembly
- Completed reload, in  0.902 seconds
Platform modules already initialized, skipping
Refreshing native plugins compatible for Editor in 0.40 ms, found 1 plugins.
Preloading 0 native plugins for Editor in 0.00 ms.
Unloading 1950 Unused Serialized files (Serialized files now loaded: 0)
System memory in use before: 93.3 MB.
System memory in use after: 93.3 MB.

Unloading 12 unused Assets to reduce memory usage. Loaded Objects now: 2514.
Total: 2.663700 ms (FindLiveObjects: 0.288600 ms CreateObjectMapping: 0.087500 ms MarkObjects: 2.177200 ms  DeleteObjects: 0.108900 ms)

========================================================================
Received Prepare
Registering precompiled user dll's ...
Registered in 0.000803 seconds.
Begin MonoManager ReloadAssembly
Native extension for LinuxStandalone target not found
Native extension for WindowsStandalone target not found
Native extension for OSXStandalone target not found
Native extension for WebGL target not found
Refreshing native plugins compatible for Editor in 0.41 ms, found 1 plugins.
Preloading 0 native plugins for Editor in 0.00 ms.
Mono: successfully reloaded assembly
- Completed reload, in  0.897 seconds
Platform modules already initialized, skipping
Refreshing native plugins compatible for Editor in 0.38 ms, found 1 plugins.
Preloading 0 native plugins for Editor in 0.00 ms.
Unloading 1950 Unused Serialized files (Serialized files now loaded: 0)
System memory in use before: 93.3 MB.
System memory in use after: 93.3 MB.

Unloading 12 unused Assets to reduce memory usage. Loaded Objects now: 2518.
Total: 2.166500 ms (FindLiveObjects: 0.248900 ms CreateObjectMapping: 0.046400 ms MarkObjects: 1.777200 ms  DeleteObjects: 0.092800 ms)

========================================================================
Received Prepare
Registering precompiled user dll's ...
Registered in 0.000858 seconds.
Begin MonoManager ReloadAssembly
Native extension for LinuxStandalone target not found
Native extension for WindowsStandalone target not found
Native extension for OSXStandalone target not found
Native extension for WebGL target not found
Refreshing native plugins compatible for Editor in 0.39 ms, found 1 plugins.
Preloading 0 native plugins for Editor in 0.00 ms.
Mono: successfully reloaded assembly
- Completed reload, in  0.891 seconds
Platform modules already initialized, skipping
Refreshing native plugins compatible for Editor in 0.56 ms, found 1 plugins.
Preloading 0 native plugins for Editor in 0.00 ms.
Unloading 1950 Unused Serialized files (Serialized files now loaded: 0)
System memory in use before: 93.3 MB.
System memory in use after: 93.4 MB.

Unloading 12 unused Assets to reduce memory usage. Loaded Objects now: 2522.
Total: 2.472600 ms (FindLiveObjects: 0.325700 ms CreateObjectMapping: 0.082300 ms MarkObjects: 1.970900 ms  DeleteObjects: 0.092500 ms)

========================================================================
Received Prepare
Registering precompiled user dll's ...
Registered in 0.000852 seconds.
Begin MonoManager ReloadAssembly
Native extension for LinuxStandalone target not found
Native extension for WindowsStandalone target not found
Native extension for OSXStandalone target not found
Native extension for WebGL target not found
Refreshing native plugins compatible for Editor in 0.39 ms, found 1 plugins.
Preloading 0 native plugins for Editor in 0.00 ms.
Mono: successfully reloaded assembly
- Completed reload, in  0.939 seconds
Platform modules already initialized, skipping
Refreshing native plugins compatible for Editor in 0.41 ms, found 1 plugins.
Preloading 0 native plugins for Editor in 0.00 ms.
Unloading 1950 Unused Serialized files (Serialized files now loaded: 0)
System memory in use before: 93.3 MB.
System memory in use after: 93.4 MB.

Unloading 12 unused Assets to reduce memory usage. Loaded Objects now: 2526.
Total: 3.093400 ms (FindLiveObjects: 0.432700 ms CreateObjectMapping: 0.137900 ms MarkObjects: 2.397000 ms  DeleteObjects: 0.123700 ms)

========================================================================
Received Prepare
Registering precompiled user dll's ...
Registered in 0.024155 seconds.
Begin MonoManager ReloadAssembly
Native extension for LinuxStandalone target not found
Native extension for WindowsStandalone target not found
Native extension for OSXStandalone target not found
Native extension for WebGL target not found
Refreshing native plugins compatible for Editor in 0.45 ms, found 1 plugins.
Preloading 0 native plugins for Editor in 0.00 ms.
Mono: successfully reloaded assembly
- Completed reload, in  1.230 seconds
Platform modules already initialized, skipping
Refreshing native plugins compatible for Editor in 0.47 ms, found 1 plugins.
Preloading 0 native plugins for Editor in 0.00 ms.
Unloading 1950 Unused Serialized files (Serialized files now loaded: 0)
System memory in use before: 93.3 MB.
System memory in use after: 93.4 MB.

Unloading 12 unused Assets to reduce memory usage. Loaded Objects now: 2530.
Total: 2.789800 ms (FindLiveObjects: 0.223300 ms CreateObjectMapping: 0.058300 ms MarkObjects: 2.387000 ms  DeleteObjects: 0.120000 ms)

========================================================================
Received Prepare
Registering precompiled user dll's ...
Registered in 0.000922 seconds.
Begin MonoManager ReloadAssembly
Native extension for LinuxStandalone target not found
Native extension for WindowsStandalone target not found
Native extension for OSXStandalone target not found
Native extension for WebGL target not found
Refreshing native plugins compatible for Editor in 0.39 ms, found 1 plugins.
Preloading 0 native plugins for Editor in 0.00 ms.
Mono: successfully reloaded assembly
- Completed reload, in  0.892 seconds
Platform modules already initialized, skipping
Refreshing native plugins compatible for Editor in 0.42 ms, found 1 plugins.
Preloading 0 native plugins for Editor in 0.00 ms.
Unloading 1950 Unused Serialized files (Serialized files now loaded: 0)
System memory in use before: 93.4 MB.
System memory in use after: 93.4 MB.

Unloading 12 unused Assets to reduce memory usage. Loaded Objects now: 2534.
Total: 2.663100 ms (FindLiveObjects: 0.273600 ms CreateObjectMapping: 0.059300 ms MarkObjects: 2.227800 ms  DeleteObjects: 0.101400 ms)

========================================================================
Received Prepare
Registering precompiled user dll's ...
Registered in 0.000823 seconds.
Begin MonoManager ReloadAssembly
Native extension for LinuxStandalone target not found
Native extension for WindowsStandalone target not found
Native extension for OSXStandalone target not found
Native extension for WebGL target not found
Refreshing native plugins compatible for Editor in 0.39 ms, found 1 plugins.
Preloading 0 native plugins for Editor in 0.00 ms.
Mono: successfully reloaded assembly
- Completed reload, in  0.948 seconds
Platform modules already initialized, skipping
Refreshing native plugins compatible for Editor in 0.39 ms, found 1 plugins.
Preloading 0 native plugins for Editor in 0.00 ms.
Unloading 1950 Unused Serialized files (Serialized files now loaded: 0)
System memory in use before: 93.4 MB.
System memory in use after: 93.4 MB.

Unloading 12 unused Assets to reduce memory usage. Loaded Objects now: 2538.
Total: 2.903200 ms (FindLiveObjects: 0.239300 ms CreateObjectMapping: 0.066900 ms MarkObjects: 2.468700 ms  DeleteObjects: 0.126800 ms)

========================================================================
Received Prepare
Registering precompiled user dll's ...
Registered in 0.000987 seconds.
Begin MonoManager ReloadAssembly
Native extension for LinuxStandalone target not found
Native extension for WindowsStandalone target not found
Native extension for OSXStandalone target not found
Native extension for WebGL target not found
Refreshing native plugins compatible for Editor in 0.38 ms, found 1 plugins.
Preloading 0 native plugins for Editor in 0.00 ms.
Mono: successfully reloaded assembly
- Completed reload, in  0.956 seconds
Platform modules already initialized, skipping
Refreshing native plugins compatible for Editor in 0.40 ms, found 1 plugins.
Preloading 0 native plugins for Editor in 0.00 ms.
Unloading 1950 Unused Serialized files (Serialized files now loaded: 0)
System memory in use before: 93.4 MB.
System memory in use after: 93.4 MB.

Unloading 12 unused Assets to reduce memory usage. Loaded Objects now: 2542.
Total: 2.597100 ms (FindLiveObjects: 0.261800 ms CreateObjectMapping: 0.061600 ms MarkObjects: 2.153700 ms  DeleteObjects: 0.118800 ms)

========================================================================
Received Prepare
Registering precompiled user dll's ...
Registered in 0.001175 seconds.
Begin MonoManager ReloadAssembly
Native extension for LinuxStandalone target not found
Native extension for WindowsStandalone target not found
Native extension for OSXStandalone target not found
Native extension for WebGL target not found
Refreshing native plugins compatible for Editor in 0.42 ms, found 1 plugins.
Preloading 0 native plugins for Editor in 0.00 ms.
Mono: successfully reloaded assembly
- Completed reload, in  0.901 seconds
Platform modules already initialized, skipping
Refreshing native plugins compatible for Editor in 0.43 ms, found 1 plugins.
Preloading 0 native plugins for Editor in 0.00 ms.
Unloading 1950 Unused Serialized files (Serialized files now loaded: 0)
System memory in use before: 93.4 MB.
System memory in use after: 93.4 MB.

Unloading 12 unused Assets to reduce memory usage. Loaded Objects now: 2546.
Total: 2.272600 ms (FindLiveObjects: 0.232400 ms CreateObjectMapping: 0.060600 ms MarkObjects: 1.876800 ms  DeleteObjects: 0.101100 ms)

========================================================================
Received Prepare
Registering precompiled user dll's ...
Registered in 0.000812 seconds.
Begin MonoManager ReloadAssembly
Native extension for LinuxStandalone target not found
Native extension for WindowsStandalone target not found
Native extension for OSXStandalone target not found
Native extension for WebGL target not found
Refreshing native plugins compatible for Editor in 0.56 ms, found 1 plugins.
Preloading 0 native plugins for Editor in 0.00 ms.
Mono: successfully reloaded assembly
- Completed reload, in  0.965 seconds
Platform modules already initialized, skipping
Refreshing native plugins compatible for Editor in 0.46 ms, found 1 plugins.
Preloading 0 native plugins for Editor in 0.00 ms.
Unloading 1950 Unused Serialized files (Serialized files now loaded: 0)
System memory in use before: 93.4 MB.
System memory in use after: 93.4 MB.

Unloading 12 unused Assets to reduce memory usage. Loaded Objects now: 2550.
Total: 3.023100 ms (FindLiveObjects: 0.342400 ms CreateObjectMapping: 0.092600 ms MarkObjects: 2.449100 ms  DeleteObjects: 0.136800 ms)

========================================================================
Received Prepare
Registering precompiled user dll's ...
Registered in 0.000896 seconds.
Begin MonoManager ReloadAssembly
Native extension for LinuxStandalone target not found
Native extension for WindowsStandalone target not found
Native extension for OSXStandalone target not found
Native extension for WebGL target not found
Refreshing native plugins compatible for Editor in 0.54 ms, found 1 plugins.
Preloading 0 native plugins for Editor in 0.00 ms.
Mono: successfully reloaded assembly
- Completed reload, in  0.890 seconds
Platform modules already initialized, skipping
Refreshing native plugins compatible for Editor in 0.39 ms, found 1 plugins.
Preloading 0 native plugins for Editor in 0.00 ms.
Unloading 1950 Unused Serialized files (Serialized files now loaded: 0)
System memory in use before: 93.4 MB.
System memory in use after: 93.4 MB.

Unloading 12 unused Assets to reduce memory usage. Loaded Objects now: 2554.
Total: 2.797600 ms (FindLiveObjects: 0.235200 ms CreateObjectMapping: 0.061100 ms MarkObjects: 2.382200 ms  DeleteObjects: 0.117600 ms)

========================================================================
Received Prepare
Registering precompiled user dll's ...
Registered in 0.000830 seconds.
Begin MonoManager ReloadAssembly
Native extension for LinuxStandalone target not found
Native extension for WindowsStandalone target not found
Native extension for OSXStandalone target not found
Native extension for WebGL target not found
Refreshing native plugins compatible for Editor in 0.39 ms, found 1 plugins.
Preloading 0 native plugins for Editor in 0.00 ms.
Mono: successfully reloaded assembly
- Completed reload, in  0.920 seconds
Platform modules already initialized, skipping
Refreshing native plugins compatible for Editor in 0.41 ms, found 1 plugins.
Preloading 0 native plugins for Editor in 0.00 ms.
Unloading 1950 Unused Serialized files (Serialized files now loaded: 0)
System memory in use before: 93.4 MB.
System memory in use after: 93.4 MB.

Unloading 12 unused Assets to reduce memory usage. Loaded Objects now: 2558.
Total: 2.800900 ms (FindLiveObjects: 0.241100 ms CreateObjectMapping: 0.065500 ms MarkObjects: 2.382600 ms  DeleteObjects: 0.110400 ms)

========================================================================
Received Prepare
Registering precompiled user dll's ...
Registered in 0.000848 seconds.
Begin MonoManager ReloadAssembly
Native extension for LinuxStandalone target not found
Native extension for WindowsStandalone target not found
Native extension for OSXStandalone target not found
Native extension for WebGL target not found
Refreshing native plugins compatible for Editor in 0.38 ms, found 1 plugins.
Preloading 0 native plugins for Editor in 0.00 ms.
Mono: successfully reloaded assembly
- Completed reload, in  0.907 seconds
Platform modules already initialized, skipping
Refreshing native plugins compatible for Editor in 0.42 ms, found 1 plugins.
Preloading 0 native plugins for Editor in 0.00 ms.
Unloading 1950 Unused Serialized files (Serialized files now loaded: 0)
System memory in use before: 93.4 MB.
System memory in use after: 93.4 MB.

Unloading 12 unused Assets to reduce memory usage. Loaded Objects now: 2562.
Total: 2.903800 ms (FindLiveObjects: 0.390000 ms CreateObjectMapping: 0.084300 ms MarkObjects: 2.274700 ms  DeleteObjects: 0.153100 ms)

========================================================================
Received Prepare
Registering precompiled user dll's ...
Registered in 0.000871 seconds.
Begin MonoManager ReloadAssembly
Native extension for LinuxStandalone target not found
Native extension for WindowsStandalone target not found
Native extension for OSXStandalone target not found
Native extension for WebGL target not found
Refreshing native plugins compatible for Editor in 0.41 ms, found 1 plugins.
Preloading 0 native plugins for Editor in 0.00 ms.
Mono: successfully reloaded assembly
- Completed reload, in  0.997 seconds
Platform modules already initialized, skipping
Refreshing native plugins compatible for Editor in 0.64 ms, found 1 plugins.
Preloading 0 native plugins for Editor in 0.00 ms.
Unloading 1950 Unused Serialized files (Serialized files now loaded: 0)
System memory in use before: 93.4 MB.
System memory in use after: 93.5 MB.

Unloading 12 unused Assets to reduce memory usage. Loaded Objects now: 2566.
Total: 4.052900 ms (FindLiveObjects: 0.755900 ms CreateObjectMapping: 0.175100 ms MarkObjects: 2.980000 ms  DeleteObjects: 0.139600 ms)

========================================================================
Received Prepare
Registering precompiled user dll's ...
Registered in 0.000833 seconds.
Begin MonoManager ReloadAssembly
Native extension for LinuxStandalone target not found
Native extension for WindowsStandalone target not found
Native extension for OSXStandalone target not found
Native extension for WebGL target not found
Refreshing native plugins compatible for Editor in 0.56 ms, found 1 plugins.
Preloading 0 native plugins for Editor in 0.00 ms.
Mono: successfully reloaded assembly
- Completed reload, in  0.986 seconds
Platform modules already initialized, skipping
Refreshing native plugins compatible for Editor in 0.43 ms, found 1 plugins.
Preloading 0 native plugins for Editor in 0.00 ms.
Unloading 1950 Unused Serialized files (Serialized files now loaded: 0)
System memory in use before: 93.4 MB.
System memory in use after: 93.5 MB.

Unloading 12 unused Assets to reduce memory usage. Loaded Objects now: 2570.
Total: 2.952600 ms (FindLiveObjects: 0.402000 ms CreateObjectMapping: 0.156900 ms MarkObjects: 2.286200 ms  DeleteObjects: 0.105500 ms)

========================================================================
Received Prepare
Registering precompiled user dll's ...
Registered in 0.001021 seconds.
Begin MonoManager ReloadAssembly
Native extension for LinuxStandalone target not found
Native extension for WindowsStandalone target not found
Native extension for OSXStandalone target not found
Native extension for WebGL target not found
Refreshing native plugins compatible for Editor in 0.38 ms, found 1 plugins.
Preloading 0 native plugins for Editor in 0.00 ms.
Mono: successfully reloaded assembly
- Completed reload, in  0.942 seconds
Platform modules already initialized, skipping
Refreshing native plugins compatible for Editor in 0.42 ms, found 1 plugins.
Preloading 0 native plugins for Editor in 0.00 ms.
Unloading 1950 Unused Serialized files (Serialized files now loaded: 0)
System memory in use before: 93.4 MB.
System memory in use after: 93.5 MB.

Unloading 12 unused Assets to reduce memory usage. Loaded Objects now: 2574.
Total: 2.484700 ms (FindLiveObjects: 0.243700 ms CreateObjectMapping: 0.058100 ms MarkObjects: 2.074500 ms  DeleteObjects: 0.107100 ms)

========================================================================
Received Prepare
Registering precompiled user dll's ...
Registered in 0.001178 seconds.
Begin MonoManager ReloadAssembly
Native extension for LinuxStandalone target not found
Native extension for WindowsStandalone target not found
Native extension for OSXStandalone target not found
Native extension for WebGL target not found
Refreshing native plugins compatible for Editor in 0.45 ms, found 1 plugins.
Preloading 0 native plugins for Editor in 0.00 ms.
Mono: successfully reloaded assembly
- Completed reload, in  1.108 seconds
Platform modules already initialized, skipping
Refreshing native plugins compatible for Editor in 0.40 ms, found 1 plugins.
Preloading 0 native plugins for Editor in 0.00 ms.
Unloading 1950 Unused Serialized files (Serialized files now loaded: 0)
System memory in use before: 93.5 MB.
System memory in use after: 93.5 MB.

Unloading 12 unused Assets to reduce memory usage. Loaded Objects now: 2578.
Total: 2.683700 ms (FindLiveObjects: 0.316700 ms CreateObjectMapping: 0.067700 ms MarkObjects: 2.180200 ms  DeleteObjects: 0.117500 ms)

========================================================================
Received Prepare
Registering precompiled user dll's ...
Registered in 0.000856 seconds.
Begin MonoManager ReloadAssembly
Native extension for LinuxStandalone target not found
Native extension for WindowsStandalone target not found
Native extension for OSXStandalone target not found
Native extension for WebGL target not found
Refreshing native plugins compatible for Editor in 0.51 ms, found 1 plugins.
Preloading 0 native plugins for Editor in 0.00 ms.
Mono: successfully reloaded assembly
- Completed reload, in  1.042 seconds
Platform modules already initialized, skipping
Refreshing native plugins compatible for Editor in 0.53 ms, found 1 plugins.
Preloading 0 native plugins for Editor in 0.00 ms.
Unloading 1950 Unused Serialized files (Serialized files now loaded: 0)
System memory in use before: 93.5 MB.
System memory in use after: 93.5 MB.

Unloading 12 unused Assets to reduce memory usage. Loaded Objects now: 2582.
Total: 3.258500 ms (FindLiveObjects: 0.410000 ms CreateObjectMapping: 0.148700 ms MarkObjects: 2.577400 ms  DeleteObjects: 0.120500 ms)

========================================================================
Received Prepare
Registering precompiled user dll's ...
Registered in 0.001042 seconds.
Begin MonoManager ReloadAssembly
Native extension for LinuxStandalone target not found
Native extension for WindowsStandalone target not found
Native extension for OSXStandalone target not found
Native extension for WebGL target not found
Refreshing native plugins compatible for Editor in 0.95 ms, found 1 plugins.
Preloading 0 native plugins for Editor in 0.00 ms.
Mono: successfully reloaded assembly
- Completed reload, in  1.199 seconds
Platform modules already initialized, skipping
Refreshing native plugins compatible for Editor in 0.76 ms, found 1 plugins.
Preloading 0 native plugins for Editor in 0.00 ms.
Unloading 1950 Unused Serialized files (Serialized files now loaded: 0)
System memory in use before: 93.5 MB.
System memory in use after: 93.5 MB.

Unloading 12 unused Assets to reduce memory usage. Loaded Objects now: 2586.
Total: 2.869900 ms (FindLiveObjects: 0.294500 ms CreateObjectMapping: 0.095900 ms MarkObjects: 2.373600 ms  DeleteObjects: 0.103900 ms)

========================================================================
Received Prepare
Registering precompiled user dll's ...
Registered in 0.001072 seconds.
Begin MonoManager ReloadAssembly
Native extension for LinuxStandalone target not found
Native extension for WindowsStandalone target not found
Native extension for OSXStandalone target not found
Native extension for WebGL target not found
Refreshing native plugins compatible for Editor in 0.51 ms, found 1 plugins.
Preloading 0 native plugins for Editor in 0.00 ms.
Mono: successfully reloaded assembly
- Completed reload, in  1.018 seconds
Platform modules already initialized, skipping
Refreshing native plugins compatible for Editor in 0.66 ms, found 1 plugins.
Preloading 0 native plugins for Editor in 0.00 ms.
Unloading 1950 Unused Serialized files (Serialized files now loaded: 0)
System memory in use before: 93.5 MB.
System memory in use after: 93.5 MB.

Unloading 12 unused Assets to reduce memory usage. Loaded Objects now: 2590.
Total: 3.182200 ms (FindLiveObjects: 0.446100 ms CreateObjectMapping: 0.231900 ms MarkObjects: 2.389700 ms  DeleteObjects: 0.112900 ms)

========================================================================
Received Prepare
Registering precompiled user dll's ...
Registered in 0.000794 seconds.
Begin MonoManager ReloadAssembly
Native extension for LinuxStandalone target not found
Native extension for WindowsStandalone target not found
Native extension for OSXStandalone target not found
Native extension for WebGL target not found
Refreshing native plugins compatible for Editor in 0.43 ms, found 1 plugins.
Preloading 0 native plugins for Editor in 0.00 ms.
Mono: successfully reloaded assembly
- Completed reload, in  1.040 seconds
Platform modules already initialized, skipping
Refreshing native plugins compatible for Editor in 0.44 ms, found 1 plugins.
Preloading 0 native plugins for Editor in 0.00 ms.
Unloading 1950 Unused Serialized files (Serialized files now loaded: 0)
System memory in use before: 93.5 MB.
System memory in use after: 93.5 MB.

Unloading 12 unused Assets to reduce memory usage. Loaded Objects now: 2594.
Total: 2.773600 ms (FindLiveObjects: 0.274000 ms CreateObjectMapping: 0.073300 ms MarkObjects: 2.318400 ms  DeleteObjects: 0.106400 ms)

========================================================================
Received Prepare
Registering precompiled user dll's ...
Registered in 0.001088 seconds.
Begin MonoManager ReloadAssembly
Native extension for LinuxStandalone target not found
Native extension for WindowsStandalone target not found
Native extension for OSXStandalone target not found
Native extension for WebGL target not found
Refreshing native plugins compatible for Editor in 0.40 ms, found 1 plugins.
Preloading 0 native plugins for Editor in 0.00 ms.
Mono: successfully reloaded assembly
- Completed reload, in  1.030 seconds
Platform modules already initialized, skipping
Refreshing native plugins compatible for Editor in 0.55 ms, found 1 plugins.
Preloading 0 native plugins for Editor in 0.00 ms.
Unloading 1950 Unused Serialized files (Serialized files now loaded: 0)
System memory in use before: 93.5 MB.
System memory in use after: 93.5 MB.

Unloading 12 unused Assets to reduce memory usage. Loaded Objects now: 2598.
Total: 2.863700 ms (FindLiveObjects: 0.247300 ms CreateObjectMapping: 0.060800 ms MarkObjects: 2.416600 ms  DeleteObjects: 0.136900 ms)

========================================================================
Received Prepare
Registering precompiled user dll's ...
Registered in 0.001210 seconds.
Begin MonoManager ReloadAssembly
Native extension for LinuxStandalone target not found
Native extension for WindowsStandalone target not found
Native extension for OSXStandalone target not found
Native extension for WebGL target not found
Refreshing native plugins compatible for Editor in 0.43 ms, found 1 plugins.
Preloading 0 native plugins for Editor in 0.00 ms.
Mono: successfully reloaded assembly
- Completed reload, in  0.976 seconds
Platform modules already initialized, skipping
Refreshing native plugins compatible for Editor in 0.45 ms, found 1 plugins.
Preloading 0 native plugins for Editor in 0.00 ms.
Unloading 1950 Unused Serialized files (Serialized files now loaded: 0)
System memory in use before: 93.5 MB.
System memory in use after: 93.5 MB.

Unloading 12 unused Assets to reduce memory usage. Loaded Objects now: 2602.
Total: 11.144200 ms (FindLiveObjects: 0.278900 ms CreateObjectMapping: 0.065300 ms MarkObjects: 2.547100 ms  DeleteObjects: 8.251200 ms)

========================================================================
Received Prepare
Registering precompiled user dll's ...
Registered in 0.000818 seconds.
Begin MonoManager ReloadAssembly
Native extension for LinuxStandalone target not found
Native extension for WindowsStandalone target not found
Native extension for OSXStandalone target not found
Native extension for WebGL target not found
Refreshing native plugins compatible for Editor in 0.38 ms, found 1 plugins.
Preloading 0 native plugins for Editor in 0.00 ms.
Mono: successfully reloaded assembly
- Completed reload, in  0.902 seconds
Platform modules already initialized, skipping
Refreshing native plugins compatible for Editor in 0.39 ms, found 1 plugins.
Preloading 0 native plugins for Editor in 0.00 ms.
Unloading 1950 Unused Serialized files (Serialized files now loaded: 0)
System memory in use before: 93.5 MB.
System memory in use after: 93.5 MB.

Unloading 12 unused Assets to reduce memory usage. Loaded Objects now: 2606.
Total: 3.100100 ms (FindLiveObjects: 0.480800 ms CreateObjectMapping: 0.129700 ms MarkObjects: 2.260300 ms  DeleteObjects: 0.227900 ms)

========================================================================
Received Prepare
Registering precompiled user dll's ...
Registered in 0.000911 seconds.
Begin MonoManager ReloadAssembly
Native extension for LinuxStandalone target not found
Native extension for WindowsStandalone target not found
Native extension for OSXStandalone target not found
Native extension for WebGL target not found
Refreshing native plugins compatible for Editor in 0.38 ms, found 1 plugins.
Preloading 0 native plugins for Editor in 0.00 ms.
Mono: successfully reloaded assembly
- Completed reload, in  0.916 seconds
Platform modules already initialized, skipping
Refreshing native plugins compatible for Editor in 0.41 ms, found 1 plugins.
Preloading 0 native plugins for Editor in 0.00 ms.
Unloading 1950 Unused Serialized files (Serialized files now loaded: 0)
System memory in use before: 93.5 MB.
System memory in use after: 93.6 MB.

Unloading 12 unused Assets to reduce memory usage. Loaded Objects now: 2610.
Total: 2.073300 ms (FindLiveObjects: 0.210900 ms CreateObjectMapping: 0.043600 ms MarkObjects: 1.730900 ms  DeleteObjects: 0.086500 ms)

========================================================================
Received Import Request.
  Time since last request: 3779.105480 seconds.
  path: Assets/Scripts/FallThroughPlatform.cs
  artifactKey: Guid(2cd9ed1dc92ba40469ada2c86911a40d) Importer(815301076,1909f56bfc062723c751e8b465ee728b)
Start importing Assets/Scripts/FallThroughPlatform.cs using Guid(2cd9ed1dc92ba40469ada2c86911a40d) Importer(815301076,1909f56bfc062723c751e8b465ee728b)  -> (artifact id: '5e1dda630f2b4f374dcecdb525a51044') in 0.014120 seconds
  Import took 0.029292 seconds .

========================================================================
Received Prepare
Registering precompiled user dll's ...
Registered in 0.000828 seconds.
Begin MonoManager ReloadAssembly
Native extension for LinuxStandalone target not found
Native extension for WindowsStandalone target not found
Native extension for OSXStandalone target not found
Native extension for WebGL target not found
Refreshing native plugins compatible for Editor in 0.49 ms, found 1 plugins.
Preloading 0 native plugins for Editor in 0.00 ms.
Mono: successfully reloaded assembly
- Completed reload, in  0.920 seconds
Platform modules already initialized, skipping
Refreshing native plugins compatible for Editor in 0.40 ms, found 1 plugins.
Preloading 0 native plugins for Editor in 0.00 ms.
Unloading 1950 Unused Serialized files (Serialized files now loaded: 0)
System memory in use before: 93.5 MB.
System memory in use after: 93.6 MB.

Unloading 12 unused Assets to reduce memory usage. Loaded Objects now: 2614.
Total: 2.881100 ms (FindLiveObjects: 0.276400 ms CreateObjectMapping: 0.074100 ms MarkObjects: 2.420100 ms  DeleteObjects: 0.109200 ms)

========================================================================
Received Import Request.
  Time since last request: 68.349969 seconds.
  path: Assets/Scripts/FallThroughPlatform.cs
  artifactKey: Guid(2cd9ed1dc92ba40469ada2c86911a40d) Importer(815301076,1909f56bfc062723c751e8b465ee728b)
Start importing Assets/Scripts/FallThroughPlatform.cs using Guid(2cd9ed1dc92ba40469ada2c86911a40d) Importer(815301076,1909f56bfc062723c751e8b465ee728b)  -> (artifact id: '9a2b93e9de731a6372a2cdfb3d7fc8df') in 0.005689 seconds
  Import took 0.015153 seconds .

========================================================================
Received Prepare
Registering precompiled user dll's ...
Registered in 0.000999 seconds.
Begin MonoManager ReloadAssembly
Native extension for LinuxStandalone target not found
Native extension for WindowsStandalone target not found
Native extension for OSXStandalone target not found
Native extension for WebGL target not found
Refreshing native plugins compatible for Editor in 0.38 ms, found 1 plugins.
Preloading 0 native plugins for Editor in 0.00 ms.
Mono: successfully reloaded assembly
- Completed reload, in  0.876 seconds
Platform modules already initialized, skipping
Refreshing native plugins compatible for Editor in 0.39 ms, found 1 plugins.
Preloading 0 native plugins for Editor in 0.00 ms.
Unloading 1950 Unused Serialized files (Serialized files now loaded: 0)
System memory in use before: 93.5 MB.
System memory in use after: 93.6 MB.

Unloading 12 unused Assets to reduce memory usage. Loaded Objects now: 2618.
Total: 2.595000 ms (FindLiveObjects: 0.241900 ms CreateObjectMapping: 0.062600 ms MarkObjects: 2.173300 ms  DeleteObjects: 0.115800 ms)

========================================================================
Received Prepare
Registering precompiled user dll's ...
Registered in 0.001068 seconds.
Begin MonoManager ReloadAssembly
Native extension for LinuxStandalone target not found
Native extension for WindowsStandalone target not found
Native extension for OSXStandalone target not found
Native extension for WebGL target not found
Refreshing native plugins compatible for Editor in 0.41 ms, found 1 plugins.
Preloading 0 native plugins for Editor in 0.00 ms.
Mono: successfully reloaded assembly
- Completed reload, in  0.910 seconds
Platform modules already initialized, skipping
Refreshing native plugins compatible for Editor in 0.39 ms, found 1 plugins.
Preloading 0 native plugins for Editor in 0.00 ms.
Unloading 1950 Unused Serialized files (Serialized files now loaded: 0)
System memory in use before: 93.6 MB.
System memory in use after: 93.6 MB.

Unloading 12 unused Assets to reduce memory usage. Loaded Objects now: 2622.
Total: 2.713900 ms (FindLiveObjects: 0.264400 ms CreateObjectMapping: 0.065100 ms MarkObjects: 2.264900 ms  DeleteObjects: 0.117800 ms)

========================================================================
Received Prepare
Registering precompiled user dll's ...
Registered in 0.000833 seconds.
Begin MonoManager ReloadAssembly
Native extension for LinuxStandalone target not found
Native extension for WindowsStandalone target not found
Native extension for OSXStandalone target not found
Native extension for WebGL target not found
Refreshing native plugins compatible for Editor in 0.38 ms, found 1 plugins.
Preloading 0 native plugins for Editor in 0.00 ms.
Mono: successfully reloaded assembly
- Completed reload, in  0.910 seconds
Platform modules already initialized, skipping
Refreshing native plugins compatible for Editor in 0.39 ms, found 1 plugins.
Preloading 0 native plugins for Editor in 0.00 ms.
Unloading 1950 Unused Serialized files (Serialized files now loaded: 0)
System memory in use before: 93.6 MB.
System memory in use after: 93.6 MB.

Unloading 12 unused Assets to reduce memory usage. Loaded Objects now: 2626.
Total: 2.635300 ms (FindLiveObjects: 0.237600 ms CreateObjectMapping: 0.057800 ms MarkObjects: 2.223700 ms  DeleteObjects: 0.114500 ms)

========================================================================
Received Import Request.
  Time since last request: 421.192998 seconds.
  path: Assets/Platforms.prefab
  artifactKey: Guid(0d5b5ef3e65f33642b06bdf06cf63b42) Importer(815301076,1909f56bfc062723c751e8b465ee728b)
Start importing Assets/Platforms.prefab using Guid(0d5b5ef3e65f33642b06bdf06cf63b42) Importer(815301076,1909f56bfc062723c751e8b465ee728b)  -> (artifact id: '18f3ebe3a890045c460b4a0204c45270') in 0.097081 seconds
  Import took 0.110992 seconds .

========================================================================
Received Import Request.
  Time since last request: 1.498414 seconds.
  path: Assets/Platforms.prefab
  artifactKey: Guid(0d5b5ef3e65f33642b06bdf06cf63b42) Importer(815301076,1909f56bfc062723c751e8b465ee728b)
Start importing Assets/Platforms.prefab using Guid(0d5b5ef3e65f33642b06bdf06cf63b42) Importer(815301076,1909f56bfc062723c751e8b465ee728b)  -> (artifact id: '601c76ee86ed966a25dec61fdc10a7c2') in 0.010601 seconds
  Import took 0.027406 seconds .

========================================================================
Received Import Request.
  Time since last request: 11.396620 seconds.
  path: Assets/Platforms.prefab
  artifactKey: Guid(0d5b5ef3e65f33642b06bdf06cf63b42) Importer(815301076,1909f56bfc062723c751e8b465ee728b)
Start importing Assets/Platforms.prefab using Guid(0d5b5ef3e65f33642b06bdf06cf63b42) Importer(815301076,1909f56bfc062723c751e8b465ee728b)  -> (artifact id: '897086fd8be2663e2cf1695bdeb35904') in 0.009666 seconds
  Import took 0.025220 seconds .

========================================================================
Received Import Request.
  Time since last request: 2.853415 seconds.
  path: Assets/Platforms.prefab
  artifactKey: Guid(0d5b5ef3e65f33642b06bdf06cf63b42) Importer(815301076,1909f56bfc062723c751e8b465ee728b)
Start importing Assets/Platforms.prefab using Guid(0d5b5ef3e65f33642b06bdf06cf63b42) Importer(815301076,1909f56bfc062723c751e8b465ee728b)  -> (artifact id: '6ed07c0ea7e14063e26afe4561fae746') in 0.009310 seconds
  Import took 0.013528 seconds .

========================================================================
Received Import Request.
  Time since last request: 3.107094 seconds.
  path: Assets/Platforms.prefab
  artifactKey: Guid(0d5b5ef3e65f33642b06bdf06cf63b42) Importer(815301076,1909f56bfc062723c751e8b465ee728b)
Start importing Assets/Platforms.prefab using Guid(0d5b5ef3e65f33642b06bdf06cf63b42) Importer(815301076,1909f56bfc062723c751e8b465ee728b)  -> (artifact id: '7b44a68cd151470a1771a72ff9e8d45c') in 0.008855 seconds
  Import took 0.019639 seconds .

========================================================================
Received Import Request.
  Time since last request: 2.046154 seconds.
  path: Assets/Platforms.prefab
  artifactKey: Guid(0d5b5ef3e65f33642b06bdf06cf63b42) Importer(815301076,1909f56bfc062723c751e8b465ee728b)
Start importing Assets/Platforms.prefab using Guid(0d5b5ef3e65f33642b06bdf06cf63b42) Importer(815301076,1909f56bfc062723c751e8b465ee728b)  -> (artifact id: 'e19519a60274a2c0ae97cf8af28313bd') in 0.009227 seconds
  Import took 0.020472 seconds .

========================================================================
Received Import Request.
  Time since last request: 96.116359 seconds.
  path: Assets/Platforms.prefab
  artifactKey: Guid(0d5b5ef3e65f33642b06bdf06cf63b42) Importer(815301076,1909f56bfc062723c751e8b465ee728b)
Start importing Assets/Platforms.prefab using Guid(0d5b5ef3e65f33642b06bdf06cf63b42) Importer(815301076,1909f56bfc062723c751e8b465ee728b)  -> (artifact id: '9dee372ac4607704a01b960531ed3725') in 0.015540 seconds
  Import took 0.031279 seconds .

========================================================================
Received Import Request.
  Time since last request: 2.228537 seconds.
  path: Assets/Platforms.prefab
  artifactKey: Guid(0d5b5ef3e65f33642b06bdf06cf63b42) Importer(815301076,1909f56bfc062723c751e8b465ee728b)
Start importing Assets/Platforms.prefab using Guid(0d5b5ef3e65f33642b06bdf06cf63b42) Importer(815301076,1909f56bfc062723c751e8b465ee728b)  -> (artifact id: 'f549f32748948cb9c5be2e473a37dbb8') in 0.009054 seconds
  Import took 0.022990 seconds .

========================================================================
Received Import Request.
  Time since last request: 3.684813 seconds.
  path: Assets/Platforms.prefab
  artifactKey: Guid(0d5b5ef3e65f33642b06bdf06cf63b42) Importer(815301076,1909f56bfc062723c751e8b465ee728b)
Start importing Assets/Platforms.prefab using Guid(0d5b5ef3e65f33642b06bdf06cf63b42) Importer(815301076,1909f56bfc062723c751e8b465ee728b)  -> (artifact id: 'aba62509cb227a88fa67c39ceff5e91d') in 0.007988 seconds
  Import took 0.014136 seconds .

========================================================================
Received Import Request.
  Time since last request: 2.488602 seconds.
  path: Assets/Platforms.prefab
  artifactKey: Guid(0d5b5ef3e65f33642b06bdf06cf63b42) Importer(815301076,1909f56bfc062723c751e8b465ee728b)
Start importing Assets/Platforms.prefab using Guid(0d5b5ef3e65f33642b06bdf06cf63b42) Importer(815301076,1909f56bfc062723c751e8b465ee728b)  -> (artifact id: '186949527366c5284b52e24b3b3c4e61') in 0.008643 seconds
  Import took 0.014117 seconds .

========================================================================
Received Import Request.
  Time since last request: 3.488241 seconds.
  path: Assets/Platforms.prefab
  artifactKey: Guid(0d5b5ef3e65f33642b06bdf06cf63b42) Importer(815301076,1909f56bfc062723c751e8b465ee728b)
Start importing Assets/Platforms.prefab using Guid(0d5b5ef3e65f33642b06bdf06cf63b42) Importer(815301076,1909f56bfc062723c751e8b465ee728b)  -> (artifact id: 'b5b7c7fc9efcbdc5ee76e4ac7ceec3b3') in 0.008428 seconds
  Import took 0.012552 seconds .

========================================================================
Received Import Request.
  Time since last request: 1.824633 seconds.
  path: Assets/Platforms.prefab
  artifactKey: Guid(0d5b5ef3e65f33642b06bdf06cf63b42) Importer(815301076,1909f56bfc062723c751e8b465ee728b)
Start importing Assets/Platforms.prefab using Guid(0d5b5ef3e65f33642b06bdf06cf63b42) Importer(815301076,1909f56bfc062723c751e8b465ee728b)  -> (artifact id: '7714e834b2349cc221481f6c36d43a92') in 0.008277 seconds
  Import took 0.012206 seconds .

========================================================================
Received Prepare
Registering precompiled user dll's ...
Registered in 0.000876 seconds.
Begin MonoManager ReloadAssembly
Native extension for LinuxStandalone target not found
Native extension for WindowsStandalone target not found
Native extension for OSXStandalone target not found
Native extension for WebGL target not found
Refreshing native plugins compatible for Editor in 0.44 ms, found 1 plugins.
Preloading 0 native plugins for Editor in 0.00 ms.
Mono: successfully reloaded assembly
- Completed reload, in  0.946 seconds
Platform modules already initialized, skipping
Refreshing native plugins compatible for Editor in 0.43 ms, found 1 plugins.
Preloading 0 native plugins for Editor in 0.00 ms.
Unloading 1950 Unused Serialized files (Serialized files now loaded: 0)
System memory in use before: 93.6 MB.
System memory in use after: 93.6 MB.

Unloading 12 unused Assets to reduce memory usage. Loaded Objects now: 2631.
Total: 2.701200 ms (FindLiveObjects: 0.227500 ms CreateObjectMapping: 0.048500 ms MarkObjects: 2.327400 ms  DeleteObjects: 0.096400 ms)

========================================================================
Received Import Request.
  Time since last request: 69.121573 seconds.
  path: Assets/Platforms.prefab
  artifactKey: Guid(0d5b5ef3e65f33642b06bdf06cf63b42) Importer(815301076,1909f56bfc062723c751e8b465ee728b)
Start importing Assets/Platforms.prefab using Guid(0d5b5ef3e65f33642b06bdf06cf63b42) Importer(815301076,1909f56bfc062723c751e8b465ee728b)  -> (artifact id: 'ade08129733a8dddddb491c1e0161de8') in 0.060820 seconds
  Import took 0.064339 seconds .

========================================================================
Received Prepare
Registering precompiled user dll's ...
Registered in 0.001102 seconds.
Begin MonoManager ReloadAssembly
Native extension for LinuxStandalone target not found
Native extension for WindowsStandalone target not found
Native extension for OSXStandalone target not found
Native extension for WebGL target not found
Refreshing native plugins compatible for Editor in 0.41 ms, found 1 plugins.
Preloading 0 native plugins for Editor in 0.00 ms.
Mono: successfully reloaded assembly
- Completed reload, in  0.915 seconds
Platform modules already initialized, skipping
Refreshing native plugins compatible for Editor in 0.39 ms, found 1 plugins.
Preloading 0 native plugins for Editor in 0.00 ms.
Unloading 1950 Unused Serialized files (Serialized files now loaded: 0)
System memory in use before: 93.6 MB.
System memory in use after: 93.6 MB.

Unloading 12 unused Assets to reduce memory usage. Loaded Objects now: 2636.
Total: 2.414400 ms (FindLiveObjects: 0.235800 ms CreateObjectMapping: 0.058500 ms MarkObjects: 2.010200 ms  DeleteObjects: 0.108800 ms)

========================================================================
Received Prepare
Registering precompiled user dll's ...
Registered in 0.000811 seconds.
Begin MonoManager ReloadAssembly
Native extension for LinuxStandalone target not found
Native extension for WindowsStandalone target not found
Native extension for OSXStandalone target not found
Native extension for WebGL target not found
Refreshing native plugins compatible for Editor in 0.38 ms, found 1 plugins.
Preloading 0 native plugins for Editor in 0.00 ms.
Mono: successfully reloaded assembly
- Completed reload, in  0.867 seconds
Platform modules already initialized, skipping
Refreshing native plugins compatible for Editor in 0.39 ms, found 1 plugins.
Preloading 0 native plugins for Editor in 0.00 ms.
Unloading 1950 Unused Serialized files (Serialized files now loaded: 0)
System memory in use before: 93.6 MB.
System memory in use after: 93.6 MB.

Unloading 12 unused Assets to reduce memory usage. Loaded Objects now: 2640.
Total: 2.745700 ms (FindLiveObjects: 0.436900 ms CreateObjectMapping: 0.063700 ms MarkObjects: 2.134500 ms  DeleteObjects: 0.108500 ms)

========================================================================
Received Prepare
Registering precompiled user dll's ...
Registered in 0.001208 seconds.
Begin MonoManager ReloadAssembly
Native extension for LinuxStandalone target not found
Native extension for WindowsStandalone target not found
Native extension for OSXStandalone target not found
Native extension for WebGL target not found
Refreshing native plugins compatible for Editor in 0.76 ms, found 1 plugins.
Preloading 0 native plugins for Editor in 0.00 ms.
Mono: successfully reloaded assembly
- Completed reload, in  1.156 seconds
Platform modules already initialized, skipping
Refreshing native plugins compatible for Editor in 0.46 ms, found 1 plugins.
Preloading 0 native plugins for Editor in 0.00 ms.
Unloading 1950 Unused Serialized files (Serialized files now loaded: 0)
System memory in use before: 93.6 MB.
System memory in use after: 93.6 MB.

Unloading 12 unused Assets to reduce memory usage. Loaded Objects now: 2644.
Total: 3.100300 ms (FindLiveObjects: 0.241600 ms CreateObjectMapping: 0.050000 ms MarkObjects: 2.682300 ms  DeleteObjects: 0.124400 ms)

========================================================================
Received Import Request.
  Time since last request: 424.646977 seconds.
  path: Assets/Platforms 1.prefab
  artifactKey: Guid(3ed86d6530cb8b74f902e99f10f0d1c0) Importer(815301076,1909f56bfc062723c751e8b465ee728b)
Start importing Assets/Platforms 1.prefab using Guid(3ed86d6530cb8b74f902e99f10f0d1c0) Importer(815301076,1909f56bfc062723c751e8b465ee728b)  -> (artifact id: '63768f1b06e48518c8aaf23c347e59a1') in 0.060975 seconds
  Import took 0.064758 seconds .

========================================================================
Received Import Request.
  Time since last request: 10.871593 seconds.
  path: Assets/Platforms 1.prefab
  artifactKey: Guid(3ed86d6530cb8b74f902e99f10f0d1c0) Importer(815301076,1909f56bfc062723c751e8b465ee728b)
Start importing Assets/Platforms 1.prefab using Guid(3ed86d6530cb8b74f902e99f10f0d1c0) Importer(815301076,1909f56bfc062723c751e8b465ee728b)  -> (artifact id: 'd5ee4b72051081a38424f31bbc70c606') in 0.008237 seconds
  Import took 0.021043 seconds .

========================================================================
Received Import Request.
  Time since last request: 31.030966 seconds.
  path: Assets/Platforms (OneWay).prefab
  artifactKey: Guid(3ed86d6530cb8b74f902e99f10f0d1c0) Importer(815301076,1909f56bfc062723c751e8b465ee728b)
Start importing Assets/Platforms (OneWay).prefab using Guid(3ed86d6530cb8b74f902e99f10f0d1c0) Importer(815301076,1909f56bfc062723c751e8b465ee728b)  -> (artifact id: '0ef7efc4e6356a4ad8a284b6bd849194') in 0.012856 seconds
  Import took 0.016471 seconds .

========================================================================
Received Import Request.
  Time since last request: 75.428524 seconds.
  path: Assets/Brackeys/2D Mega Pack/Weapons & Tools/Plow.png
  artifactKey: Guid(72786b43084161c4c81e83eef0990e1a) Importer(815301076,1909f56bfc062723c751e8b465ee728b)
Start importing Assets/Brackeys/2D Mega Pack/Weapons & Tools/Plow.png using Guid(72786b43084161c4c81e83eef0990e1a) Importer(815301076,1909f56bfc062723c751e8b465ee728b)  -> (artifact id: '29c068f3228d9c80bfb8529d1837a662') in 0.077846 seconds
  Import took 0.081909 seconds .

========================================================================
Received Import Request.
  Time since last request: 0.000202 seconds.
  path: Assets/Brackeys/2D Mega Pack/Characters/PongPlayer.png
  artifactKey: Guid(3f5d8b39358f65040ade5d7096bc8085) Importer(815301076,1909f56bfc062723c751e8b465ee728b)
Start importing Assets/Brackeys/2D Mega Pack/Characters/PongPlayer.png using Guid(3f5d8b39358f65040ade5d7096bc8085) Importer(815301076,1909f56bfc062723c751e8b465ee728b)  -> (artifact id: '5a15848fcb270a32647d8368bcec799b') in 0.035784 seconds
  Import took 0.049804 seconds .

========================================================================
Received Import Request.
  Time since last request: 0.000191 seconds.
  path: Assets/Brackeys/2D Mega Pack/Food & Plants/Crops/Potatoes_Done.png
  artifactKey: Guid(3d9791791d28a9745b616ce8d8113662) Importer(815301076,1909f56bfc062723c751e8b465ee728b)
Start importing Assets/Brackeys/2D Mega Pack/Food & Plants/Crops/Potatoes_Done.png using Guid(3d9791791d28a9745b616ce8d8113662) Importer(815301076,1909f56bfc062723c751e8b465ee728b)  -> (artifact id: '492d39a132e8252d837ea7c54436d550') in 0.037076 seconds
  Import took 0.040600 seconds .

========================================================================
Received Import Request.
  Time since last request: 0.000199 seconds.
  path: Assets/Brackeys/2D Mega Pack/Food & Plants/Crops/Potatoes_Seed.png
  artifactKey: Guid(a402c3ecefb2ea44abb2dc8fef3e46d2) Importer(815301076,1909f56bfc062723c751e8b465ee728b)
Start importing Assets/Brackeys/2D Mega Pack/Food & Plants/Crops/Potatoes_Seed.png using Guid(a402c3ecefb2ea44abb2dc8fef3e46d2) Importer(815301076,1909f56bfc062723c751e8b465ee728b)  -> (artifact id: '10a5249a21428347cce43faf4e3bf96d') in 0.032570 seconds
  Import took 0.043425 seconds .

========================================================================
Received Import Request.
  Time since last request: 0.000209 seconds.
  path: Assets/Brackeys/2D Mega Pack/Food & Plants/Crops/Potatoes_Dead.png
  artifactKey: Guid(a8343aa03d794694799a54194fab3f04) Importer(815301076,1909f56bfc062723c751e8b465ee728b)
Start importing Assets/Brackeys/2D Mega Pack/Food & Plants/Crops/Potatoes_Dead.png using Guid(a8343aa03d794694799a54194fab3f04) Importer(815301076,1909f56bfc062723c751e8b465ee728b)  -> (artifact id: 'c03a2b50a9c1a5bcee3bb849f34b0356') in 0.028994 seconds
  Import took 0.042984 seconds .

========================================================================
Received Prepare
Registering precompiled user dll's ...
Registered in 0.000871 seconds.
Begin MonoManager ReloadAssembly
Native extension for LinuxStandalone target not found
Native extension for WindowsStandalone target not found
Native extension for OSXStandalone target not found
Native extension for WebGL target not found
Refreshing native plugins compatible for Editor in 0.52 ms, found 1 plugins.
Preloading 0 native plugins for Editor in 0.00 ms.
Mono: successfully reloaded assembly
- Completed reload, in  0.914 seconds
Platform modules already initialized, skipping
Refreshing native plugins compatible for Editor in 0.38 ms, found 1 plugins.
Preloading 0 native plugins for Editor in 0.00 ms.
Unloading 1950 Unused Serialized files (Serialized files now loaded: 0)
System memory in use before: 93.6 MB.
System memory in use after: 93.6 MB.

Unloading 12 unused Assets to reduce memory usage. Loaded Objects now: 2657.
Total: 2.441100 ms (FindLiveObjects: 0.271700 ms CreateObjectMapping: 0.059200 ms MarkObjects: 2.002400 ms  DeleteObjects: 0.105900 ms)

AssetImportWorkerClient::OnTransportError - code=2 error=End of file
