Using pre-set license
Built from '2020.3/staging' branch; Version is '2020.3.4f1 (0abb6314276a) revision 703331'; Using compiler version '192528614'; Build Type 'Release'
OS: 'Windows 10 Education; OS build 19042.1415; Version 2009; 64bit' Language: 'en' Physical Memory: 8127 MB
BatchMode: 1, IsHumanControllingUs: 0, StartBugReporterOnCrash: 0, Is64bit: 1, IsPro: 0

 COMMAND LINE ARGUMENTS:
C:\Program Files\Unity\Hub\Editor\2020.3.4f1\Editor\Unity.exe
-adb2
-batchMode
-noUpm
-name
AssetImportWorker0
-projectPath
D:/GitHub/2DGame/2D Game
-logFile
Logs/AssetImportWorker0.log
-srvPort
51652
Successfully changed project path to: D:/GitHub/2DGame/2D Game
D:/GitHub/2DGame/2D Game
Using Asset Import Pipeline V2.
Refreshing native plugins compatible for Editor in 45.88 ms, found 1 plugins.
Preloading 0 native plugins for Editor in 0.00 ms.
Initialize engine version: 2020.3.4f1 (0abb6314276a)
[Subsystems] Discovering subsystems at path C:/Program Files/Unity/Hub/Editor/2020.3.4f1/Editor/Data/Resources/UnitySubsystems
[Subsystems] Discovering subsystems at path D:/GitHub/2DGame/2D Game/Assets
GfxDevice: creating device client; threaded=0
Direct3D:
    Version:  Direct3D 11.0 [level 11.1]
    Renderer: NVIDIA GeForce GTX 1650 (ID=0x1f82)
    Vendor:   
    VRAM:     3962 MB
    Driver:   30.0.14.7111
Initialize mono
Mono path[0] = 'C:/Program Files/Unity/Hub/Editor/2020.3.4f1/Editor/Data/Managed'
Mono path[1] = 'C:/Program Files/Unity/Hub/Editor/2020.3.4f1/Editor/Data/MonoBleedingEdge/lib/mono/unityjit'
Mono config path = 'C:/Program Files/Unity/Hub/Editor/2020.3.4f1/Editor/Data/MonoBleedingEdge/etc'
Using monoOptions --debugger-agent=transport=dt_socket,embedding=1,server=y,suspend=n,address=127.0.0.1:56292
Begin MonoManager ReloadAssembly
Registering precompiled unity dll's ...
Register platform support module: C:/Program Files/Unity/Hub/Editor/2020.3.4f1/Editor/Data/PlaybackEngines/WebGLSupport/UnityEditor.WebGL.Extensions.dll
Register platform support module: C:/Program Files/Unity/Hub/Editor/2020.3.4f1/Editor/Data/PlaybackEngines/MacStandaloneSupport/UnityEditor.OSXStandalone.Extensions.dll
Register platform support module: C:/Program Files/Unity/Hub/Editor/2020.3.4f1/Editor/Data/PlaybackEngines/WindowsStandaloneSupport/UnityEditor.WindowsStandalone.Extensions.dll
Register platform support module: C:/Program Files/Unity/Hub/Editor/2020.3.4f1/Editor/Data/PlaybackEngines/LinuxStandaloneSupport/UnityEditor.LinuxStandalone.Extensions.dll
Registered in 0.003380 seconds.
Native extension for LinuxStandalone target not found
Native extension for WindowsStandalone target not found
Native extension for OSXStandalone target not found
Native extension for WebGL target not found
Refreshing native plugins compatible for Editor in 45.08 ms, found 1 plugins.
Preloading 0 native plugins for Editor in 0.00 ms.
Mono: successfully reloaded assembly
- Completed reload, in  1.521 seconds
Platform modules already initialized, skipping
Registering precompiled user dll's ...
Registered in 0.001186 seconds.
Begin MonoManager ReloadAssembly
Native extension for LinuxStandalone target not found
Native extension for WindowsStandalone target not found
Native extension for OSXStandalone target not found
Native extension for WebGL target not found
Refreshing native plugins compatible for Editor in 44.27 ms, found 1 plugins.
Preloading 0 native plugins for Editor in 0.00 ms.
Mono: successfully reloaded assembly
- Completed reload, in  1.084 seconds
Platform modules already initialized, skipping
========================================================================
Worker process is ready to serve import requests
Launched and connected shader compiler UnityShaderCompiler.exe after 0.06 seconds
Refreshing native plugins compatible for Editor in 0.51 ms, found 1 plugins.
Preloading 0 native plugins for Editor in 0.00 ms.
Unloading 1958 Unused Serialized files (Serialized files now loaded: 0)
System memory in use before: 90.3 MB.
System memory in use after: 90.2 MB.

Unloading 24 unused Assets to reduce memory usage. Loaded Objects now: 2402.
Total: 3.050800 ms (FindLiveObjects: 0.332800 ms CreateObjectMapping: 0.093800 ms MarkObjects: 2.488200 ms  DeleteObjects: 0.134200 ms)

========================================================================
Received Prepare
Refreshing native plugins compatible for Editor in 1.93 ms, found 1 plugins.
Preloading 0 native plugins for Editor in 0.00 ms.
Unloading 9 Unused Serialized files (Serialized files now loaded: 0)
System memory in use before: 51.3 MB.
System memory in use after: 51.3 MB.

Unloading 9 unused Assets to reduce memory usage. Loaded Objects now: 2402.
Total: 1.971600 ms (FindLiveObjects: 0.255000 ms CreateObjectMapping: 0.054600 ms MarkObjects: 1.572400 ms  DeleteObjects: 0.088600 ms)

========================================================================
Received Import Request.
  path: Assets/Scripts/FallThroughPlatform.cs
  artifactKey: Guid(2cd9ed1dc92ba40469ada2c86911a40d) Importer(815301076,1909f56bfc062723c751e8b465ee728b)
Start importing Assets/Scripts/FallThroughPlatform.cs using Guid(2cd9ed1dc92ba40469ada2c86911a40d) Importer(815301076,1909f56bfc062723c751e8b465ee728b)  -> (artifact id: '55c384ff196b00187042617a8714fbac') in 0.030307 seconds
  Import took 0.045967 seconds .

========================================================================
Received Prepare
Registering precompiled user dll's ...
Registered in 0.000855 seconds.
Begin MonoManager ReloadAssembly
Native extension for LinuxStandalone target not found
Native extension for WindowsStandalone target not found
Native extension for OSXStandalone target not found
Native extension for WebGL target not found
Refreshing native plugins compatible for Editor in 0.51 ms, found 1 plugins.
Preloading 0 native plugins for Editor in 0.00 ms.
Mono: successfully reloaded assembly
- Completed reload, in  1.065 seconds
Platform modules already initialized, skipping
Refreshing native plugins compatible for Editor in 0.50 ms, found 1 plugins.
Preloading 0 native plugins for Editor in 0.00 ms.
Unloading 1950 Unused Serialized files (Serialized files now loaded: 0)
System memory in use before: 90.0 MB.
System memory in use after: 90.0 MB.

Unloading 12 unused Assets to reduce memory usage. Loaded Objects now: 2406.
Total: 2.890800 ms (FindLiveObjects: 0.215200 ms CreateObjectMapping: 0.047400 ms MarkObjects: 2.479000 ms  DeleteObjects: 0.147200 ms)

========================================================================
Received Import Request.
  Time since last request: 150.703133 seconds.
  path: Assets/Brackeys/2D Mega Pack/Backgrounds/SkyBackground.png
  artifactKey: Guid(bb7547187a9980a4694d9a520186d028) Importer(815301076,1909f56bfc062723c751e8b465ee728b)
Start importing Assets/Brackeys/2D Mega Pack/Backgrounds/SkyBackground.png using Guid(bb7547187a9980a4694d9a520186d028) Importer(815301076,1909f56bfc062723c751e8b465ee728b)  -> (artifact id: '5832337d8cff0c9fa385b170745bcaae') in 0.075345 seconds
  Import took 0.092055 seconds .

========================================================================
Received Import Request.
  Time since last request: 0.001440 seconds.
  path: Assets/Brackeys/2D Mega Pack/Backgrounds/SkyBackground.png
  artifactKey: Guid(bb7547187a9980a4694d9a520186d028) Importer(815301076,1909f56bfc062723c751e8b465ee728b)
Start importing Assets/Brackeys/2D Mega Pack/Backgrounds/SkyBackground.png using Guid(bb7547187a9980a4694d9a520186d028) Importer(815301076,1909f56bfc062723c751e8b465ee728b)  -> (artifact id: '5832337d8cff0c9fa385b170745bcaae') in 0.017312 seconds
  Import took 0.020562 seconds .

========================================================================
Received Import Request.
  Time since last request: 6.038634 seconds.
  path: Assets/Brackeys/2D Mega Pack/Backgrounds/SkyBackground.png
  artifactKey: Guid(bb7547187a9980a4694d9a520186d028) Importer(815301076,1909f56bfc062723c751e8b465ee728b)
Start importing Assets/Brackeys/2D Mega Pack/Backgrounds/SkyBackground.png using Guid(bb7547187a9980a4694d9a520186d028) Importer(815301076,1909f56bfc062723c751e8b465ee728b)  -> (artifact id: '2bf5705f662fe00580429bef134e97fb') in 0.069525 seconds
  Import took 0.077859 seconds .

========================================================================
Received Import Request.
  Time since last request: 10.379330 seconds.
  path: Assets/Brackeys/2D Mega Pack/Backgrounds/Background.prefab
  artifactKey: Guid(f726da50c0c0f444e87b28544f67b4f0) Importer(815301076,1909f56bfc062723c751e8b465ee728b)
Start importing Assets/Brackeys/2D Mega Pack/Backgrounds/Background.prefab using Guid(f726da50c0c0f444e87b28544f67b4f0) Importer(815301076,1909f56bfc062723c751e8b465ee728b)  -> (artifact id: 'aedfee668b7adfdbf1d1b339581cc379') in 0.019581 seconds
  Import took 0.028716 seconds .

========================================================================
Received Import Request.
  Time since last request: 0.000195 seconds.
  path: Assets/Brackeys/2D Mega Pack/Backgrounds/SkyBackground_0.asset
  artifactKey: Guid(7f1c01dce10fb6648bdb478a11f50f81) Importer(815301076,1909f56bfc062723c751e8b465ee728b)
Start importing Assets/Brackeys/2D Mega Pack/Backgrounds/SkyBackground_0.asset using Guid(7f1c01dce10fb6648bdb478a11f50f81) Importer(815301076,1909f56bfc062723c751e8b465ee728b)  -> (artifact id: '248cbdd9ca97a2642a8b2f20ee6226f1') in 0.023697 seconds
  Import took 0.028681 seconds .

========================================================================
Received Import Request.
  Time since last request: 36.375719 seconds.
  path: Assets/Brackeys/2D Mega Pack/Backgrounds/SkyBackground.png
  artifactKey: Guid(bb7547187a9980a4694d9a520186d028) Importer(815301076,1909f56bfc062723c751e8b465ee728b)
Start importing Assets/Brackeys/2D Mega Pack/Backgrounds/SkyBackground.png using Guid(bb7547187a9980a4694d9a520186d028) Importer(815301076,1909f56bfc062723c751e8b465ee728b)  -> (artifact id: 'a3d8353534ce4220b133b249d75b76e2') in 0.034511 seconds
  Import took 0.037950 seconds .

========================================================================
Received Import Request.
  Time since last request: 6.598053 seconds.
  path: Assets/Brackeys/2D Mega Pack/Backgrounds/Background.prefab
  artifactKey: Guid(f726da50c0c0f444e87b28544f67b4f0) Importer(815301076,1909f56bfc062723c751e8b465ee728b)
Start importing Assets/Brackeys/2D Mega Pack/Backgrounds/Background.prefab using Guid(f726da50c0c0f444e87b28544f67b4f0) Importer(815301076,1909f56bfc062723c751e8b465ee728b)  -> (artifact id: '05467c7f434479ec3d78e77d5031115b') in 0.005081 seconds
  Import took 0.011773 seconds .

========================================================================
Received Import Request.
  Time since last request: 8.323258 seconds.
  path: Assets/Brackeys/2D Mega Pack/Backgrounds/Background.prefab
  artifactKey: Guid(f726da50c0c0f444e87b28544f67b4f0) Importer(815301076,1909f56bfc062723c751e8b465ee728b)
Start importing Assets/Brackeys/2D Mega Pack/Backgrounds/Background.prefab using Guid(f726da50c0c0f444e87b28544f67b4f0) Importer(815301076,1909f56bfc062723c751e8b465ee728b)  -> (artifact id: '7f662ed73157a9ca33b7b4d898d3c003') in 0.005218 seconds
  Import took 0.010977 seconds .

========================================================================
Received Import Request.
  Time since last request: 0.000212 seconds.
  path: Assets/Brackeys/2D Mega Pack/Backgrounds/SkyBackground.asset
  artifactKey: Guid(550ff5c764d86cb4ba4b26188990d94d) Importer(815301076,1909f56bfc062723c751e8b465ee728b)
Start importing Assets/Brackeys/2D Mega Pack/Backgrounds/SkyBackground.asset using Guid(550ff5c764d86cb4ba4b26188990d94d) Importer(815301076,1909f56bfc062723c751e8b465ee728b)  -> (artifact id: '9bddece0409ecba21f3a04d31ce93c3b') in 0.010718 seconds
  Import took 0.014001 seconds .

========================================================================
Received Import Request.
  Time since last request: 57.332714 seconds.
  path: Assets/Brackeys/2D Mega Pack/Backgrounds/Background.prefab
  artifactKey: Guid(f726da50c0c0f444e87b28544f67b4f0) Importer(815301076,1909f56bfc062723c751e8b465ee728b)
Start importing Assets/Brackeys/2D Mega Pack/Backgrounds/Background.prefab using Guid(f726da50c0c0f444e87b28544f67b4f0) Importer(815301076,1909f56bfc062723c751e8b465ee728b)  -> (artifact id: '3110f7a1bef5e9b3ddb60077766d1e94') in 0.004719 seconds
  Import took 0.012364 seconds .

========================================================================
Received Import Request.
  Time since last request: 42.225556 seconds.
  path: Assets/Brackeys/2D Mega Pack/Backgrounds/Background.prefab
  artifactKey: Guid(f726da50c0c0f444e87b28544f67b4f0) Importer(815301076,1909f56bfc062723c751e8b465ee728b)
Start importing Assets/Brackeys/2D Mega Pack/Backgrounds/Background.prefab using Guid(f726da50c0c0f444e87b28544f67b4f0) Importer(815301076,1909f56bfc062723c751e8b465ee728b)  -> (artifact id: '0e9cea0ea59d6033f92af6080bf6dee3') in 0.003902 seconds
  Import took 0.007524 seconds .

========================================================================
Received Import Request.
  Time since last request: 16.796265 seconds.
  path: Assets/Brackeys/2D Mega Pack/Backgrounds/SkyBackground.png
  artifactKey: Guid(bb7547187a9980a4694d9a520186d028) Importer(815301076,1909f56bfc062723c751e8b465ee728b)
Start importing Assets/Brackeys/2D Mega Pack/Backgrounds/SkyBackground.png using Guid(bb7547187a9980a4694d9a520186d028) Importer(815301076,1909f56bfc062723c751e8b465ee728b)  -> (artifact id: 'd9d5c4c9be21e8ae9c700869278f49f1') in 0.014679 seconds
  Import took 0.020806 seconds .

========================================================================
Received Import Request.
  Time since last request: 0.002678 seconds.
  path: Assets/Brackeys/2D Mega Pack/Backgrounds/SkyBackground.png
  artifactKey: Guid(bb7547187a9980a4694d9a520186d028) Importer(815301076,1909f56bfc062723c751e8b465ee728b)
Start importing Assets/Brackeys/2D Mega Pack/Backgrounds/SkyBackground.png using Guid(bb7547187a9980a4694d9a520186d028) Importer(815301076,1909f56bfc062723c751e8b465ee728b)  -> (artifact id: 'd9d5c4c9be21e8ae9c700869278f49f1') in 0.063243 seconds
  Import took 0.066342 seconds .

========================================================================
Received Import Request.
  Time since last request: 9.837884 seconds.
  path: Assets/Brackeys/2D Mega Pack/Backgrounds/Background.prefab
  artifactKey: Guid(f726da50c0c0f444e87b28544f67b4f0) Importer(815301076,1909f56bfc062723c751e8b465ee728b)
Start importing Assets/Brackeys/2D Mega Pack/Backgrounds/Background.prefab using Guid(f726da50c0c0f444e87b28544f67b4f0) Importer(815301076,1909f56bfc062723c751e8b465ee728b)  -> (artifact id: 'eaed053fca07a2bb14a3bbe33467e193') in 0.003919 seconds
  Import took 0.012026 seconds .

========================================================================
Received Import Request.
  Time since last request: 5.714914 seconds.
  path: Assets/Brackeys/2D Mega Pack/Backgrounds/Background.prefab
  artifactKey: Guid(f726da50c0c0f444e87b28544f67b4f0) Importer(815301076,1909f56bfc062723c751e8b465ee728b)
Start importing Assets/Brackeys/2D Mega Pack/Backgrounds/Background.prefab using Guid(f726da50c0c0f444e87b28544f67b4f0) Importer(815301076,1909f56bfc062723c751e8b465ee728b)  -> (artifact id: 'b5415dfb477b3606ce6689c4ccffb17e') in 0.004568 seconds
  Import took 0.007763 seconds .

========================================================================
Received Import Request.
  Time since last request: 16.045665 seconds.
  path: Assets/Brackeys/2D Mega Pack/Backgrounds/SkyBackground.png
  artifactKey: Guid(bb7547187a9980a4694d9a520186d028) Importer(815301076,1909f56bfc062723c751e8b465ee728b)
Start importing Assets/Brackeys/2D Mega Pack/Backgrounds/SkyBackground.png using Guid(bb7547187a9980a4694d9a520186d028) Importer(815301076,1909f56bfc062723c751e8b465ee728b)  -> (artifact id: '55c5070d891cbf529d1972a92a266c49') in 0.012459 seconds
  Import took 0.015770 seconds .

========================================================================
Received Import Request.
  Time since last request: 0.006237 seconds.
  path: Assets/Brackeys/2D Mega Pack/Backgrounds/SkyBackground.png
  artifactKey: Guid(bb7547187a9980a4694d9a520186d028) Importer(815301076,1909f56bfc062723c751e8b465ee728b)
Start importing Assets/Brackeys/2D Mega Pack/Backgrounds/SkyBackground.png using Guid(bb7547187a9980a4694d9a520186d028) Importer(815301076,1909f56bfc062723c751e8b465ee728b)  -> (artifact id: '55c5070d891cbf529d1972a92a266c49') in 0.024230 seconds
  Import took 0.027962 seconds .

========================================================================
Received Import Request.
  Time since last request: 7.366066 seconds.
  path: Assets/Brackeys/2D Mega Pack/Backgrounds/SkyBackground.png
  artifactKey: Guid(bb7547187a9980a4694d9a520186d028) Importer(815301076,1909f56bfc062723c751e8b465ee728b)
Start importing Assets/Brackeys/2D Mega Pack/Backgrounds/SkyBackground.png using Guid(bb7547187a9980a4694d9a520186d028) Importer(815301076,1909f56bfc062723c751e8b465ee728b)  -> (artifact id: '895185d003dd0aa0615e9217461da69f') in 0.027294 seconds
  Import took 0.030680 seconds .

========================================================================
Received Import Request.
  Time since last request: 92.242984 seconds.
  path: Assets/Brackeys/2D Mega Pack/Backgrounds/BlueBackground.png
  artifactKey: Guid(10ebe7a8e14363545946d5a92ac0bcb0) Importer(815301076,1909f56bfc062723c751e8b465ee728b)
Start importing Assets/Brackeys/2D Mega Pack/Backgrounds/BlueBackground.png using Guid(10ebe7a8e14363545946d5a92ac0bcb0) Importer(815301076,1909f56bfc062723c751e8b465ee728b)  -> (artifact id: '429a9873e7329c6ce6ac68102a5a3dc9') in 0.020358 seconds
  Import took 0.032621 seconds .

========================================================================
Received Import Request.
  Time since last request: 14.140938 seconds.
  path: Assets/Brackeys/2D Mega Pack/Backgrounds/Background.prefab
  artifactKey: Guid(f726da50c0c0f444e87b28544f67b4f0) Importer(815301076,1909f56bfc062723c751e8b465ee728b)
Start importing Assets/Brackeys/2D Mega Pack/Backgrounds/Background.prefab using Guid(f726da50c0c0f444e87b28544f67b4f0) Importer(815301076,1909f56bfc062723c751e8b465ee728b)  -> (artifact id: '4259ae758930aca3527c7d34ff2941af') in 0.005700 seconds
  Import took 0.013952 seconds .

========================================================================
Received Import Request.
  Time since last request: 0.000199 seconds.
  path: Assets/Brackeys/2D Mega Pack/Backgrounds/BlueBackground.asset
  artifactKey: Guid(ae389e65f54b4a2448489877f3e60b83) Importer(815301076,1909f56bfc062723c751e8b465ee728b)
Start importing Assets/Brackeys/2D Mega Pack/Backgrounds/BlueBackground.asset using Guid(ae389e65f54b4a2448489877f3e60b83) Importer(815301076,1909f56bfc062723c751e8b465ee728b)  -> (artifact id: 'a55f0e8c00969f85c78be4235c75087c') in 0.012653 seconds
  Import took 0.016469 seconds .

========================================================================
Received Import Request.
  Time since last request: 385.064774 seconds.
  path: Assets/Brackeys/2D Mega Pack/Backgrounds/Background.prefab
  artifactKey: Guid(f726da50c0c0f444e87b28544f67b4f0) Importer(815301076,1909f56bfc062723c751e8b465ee728b)
Start importing Assets/Brackeys/2D Mega Pack/Backgrounds/Background.prefab using Guid(f726da50c0c0f444e87b28544f67b4f0) Importer(815301076,1909f56bfc062723c751e8b465ee728b)  -> (artifact id: 'de3f3b70f5ffc39da689b9a4f0d2defc') in 0.005476 seconds
  Import took 0.009462 seconds .

========================================================================
Received Import Request.
  Time since last request: 10.836318 seconds.
  path: Assets/Brackeys/2D Mega Pack/Backgrounds/Background.prefab
  artifactKey: Guid(f726da50c0c0f444e87b28544f67b4f0) Importer(815301076,1909f56bfc062723c751e8b465ee728b)
Start importing Assets/Brackeys/2D Mega Pack/Backgrounds/Background.prefab using Guid(f726da50c0c0f444e87b28544f67b4f0) Importer(815301076,1909f56bfc062723c751e8b465ee728b)  -> (artifact id: 'fbf2b4702d0ce29fbfdff56a6ba6d24c') in 0.004461 seconds
  Import took 0.008202 seconds .

========================================================================
Received Import Request.
  Time since last request: 10.678468 seconds.
  path: Assets/Brackeys/2D Mega Pack/Backgrounds/Background.prefab
  artifactKey: Guid(f726da50c0c0f444e87b28544f67b4f0) Importer(815301076,1909f56bfc062723c751e8b465ee728b)
Start importing Assets/Brackeys/2D Mega Pack/Backgrounds/Background.prefab using Guid(f726da50c0c0f444e87b28544f67b4f0) Importer(815301076,1909f56bfc062723c751e8b465ee728b)  -> (artifact id: '253038b4bb3975623ede2eab1113ec72') in 0.003866 seconds
  Import took 0.007307 seconds .

========================================================================
Received Import Request.
  Time since last request: 38.373793 seconds.
  path: Assets/Brackeys/2D Mega Pack/Backgrounds/Background.prefab
  artifactKey: Guid(f726da50c0c0f444e87b28544f67b4f0) Importer(815301076,1909f56bfc062723c751e8b465ee728b)
Start importing Assets/Brackeys/2D Mega Pack/Backgrounds/Background.prefab using Guid(f726da50c0c0f444e87b28544f67b4f0) Importer(815301076,1909f56bfc062723c751e8b465ee728b)  -> (artifact id: '108b5360302ccb08d3b0f76bcafdaa0f') in 0.004125 seconds
  Import took 0.007249 seconds .

========================================================================
Received Import Request.
  Time since last request: 22.774762 seconds.
  path: Assets/Brackeys/2D Mega Pack/Backgrounds/Background.prefab
  artifactKey: Guid(f726da50c0c0f444e87b28544f67b4f0) Importer(815301076,1909f56bfc062723c751e8b465ee728b)
Start importing Assets/Brackeys/2D Mega Pack/Backgrounds/Background.prefab using Guid(f726da50c0c0f444e87b28544f67b4f0) Importer(815301076,1909f56bfc062723c751e8b465ee728b)  -> (artifact id: '91fb1e90556b7990ecceb3cda7d6f19b') in 0.004251 seconds
  Import took 0.008184 seconds .

========================================================================
Received Import Request.
  Time since last request: 6.347778 seconds.
  path: Assets/Brackeys/2D Mega Pack/Backgrounds/Background.prefab
  artifactKey: Guid(f726da50c0c0f444e87b28544f67b4f0) Importer(815301076,1909f56bfc062723c751e8b465ee728b)
Start importing Assets/Brackeys/2D Mega Pack/Backgrounds/Background.prefab using Guid(f726da50c0c0f444e87b28544f67b4f0) Importer(815301076,1909f56bfc062723c751e8b465ee728b)  -> (artifact id: 'b677e79d25debc4a392b7c82393f2c5c') in 0.005460 seconds
  Import took 0.012592 seconds .

