Using pre-set license
Built from '2020.3/staging' branch; Version is '2020.3.4f1 (0abb6314276a) revision 703331'; Using compiler version '192528614'; Build Type 'Release'
OS: 'Windows 10 Education; OS build 19042.1466; Version 2009; 64bit' Language: 'en' Physical Memory: 8127 MB
BatchMode: 1, IsHumanControllingUs: 0, StartBugReporterOnCrash: 0, Is64bit: 1, IsPro: 0

 COMMAND LINE ARGUMENTS:
C:\Program Files\Unity\Hub\Editor\2020.3.4f1\Editor\Unity.exe
-adb2
-batchMode
-noUpm
-name
AssetImportWorker0
-projectPath
D:/GitHub/2DGame
-logFile
Logs/AssetImportWorker0.log
-srvPort
63744
Successfully changed project path to: D:/GitHub/2DGame
D:/GitHub/2DGame
Using Asset Import Pipeline V2.
Refreshing native plugins compatible for Editor in 54.00 ms, found 3 plugins.
Preloading 0 native plugins for Editor in 0.00 ms.
Initialize engine version: 2020.3.4f1 (0abb6314276a)
[Subsystems] Discovering subsystems at path C:/Program Files/Unity/Hub/Editor/2020.3.4f1/Editor/Data/Resources/UnitySubsystems
[Subsystems] Discovering subsystems at path D:/GitHub/2DGame/Assets
GfxDevice: creating device client; threaded=0
Direct3D:
    Version:  Direct3D 11.0 [level 11.1]
    Renderer: NVIDIA GeForce GTX 1650 (ID=0x1f82)
    Vendor:   
    VRAM:     3962 MB
    Driver:   30.0.14.7111
Initialize mono
Mono path[0] = 'C:/Program Files/Unity/Hub/Editor/2020.3.4f1/Editor/Data/Managed'
Mono path[1] = 'C:/Program Files/Unity/Hub/Editor/2020.3.4f1/Editor/Data/MonoBleedingEdge/lib/mono/unityjit'
Mono config path = 'C:/Program Files/Unity/Hub/Editor/2020.3.4f1/Editor/Data/MonoBleedingEdge/etc'
Using monoOptions --debugger-agent=transport=dt_socket,embedding=1,server=y,suspend=n,address=127.0.0.1:56112
Begin MonoManager ReloadAssembly
Registering precompiled unity dll's ...
Register platform support module: C:/Program Files/Unity/Hub/Editor/2020.3.4f1/Editor/Data/PlaybackEngines/WebGLSupport/UnityEditor.WebGL.Extensions.dll
Register platform support module: C:/Program Files/Unity/Hub/Editor/2020.3.4f1/Editor/Data/PlaybackEngines/MacStandaloneSupport/UnityEditor.OSXStandalone.Extensions.dll
Register platform support module: C:/Program Files/Unity/Hub/Editor/2020.3.4f1/Editor/Data/PlaybackEngines/WindowsStandaloneSupport/UnityEditor.WindowsStandalone.Extensions.dll
Register platform support module: C:/Program Files/Unity/Hub/Editor/2020.3.4f1/Editor/Data/PlaybackEngines/LinuxStandaloneSupport/UnityEditor.LinuxStandalone.Extensions.dll
Registered in 0.003451 seconds.
Native extension for LinuxStandalone target not found
Native extension for WindowsStandalone target not found
Native extension for OSXStandalone target not found
Native extension for WebGL target not found
Refreshing native plugins compatible for Editor in 55.37 ms, found 3 plugins.
Preloading 0 native plugins for Editor in 0.00 ms.
Mono: successfully reloaded assembly
- Completed reload, in  1.336 seconds
Platform modules already initialized, skipping
Registering precompiled user dll's ...
Registered in 0.004039 seconds.
Begin MonoManager ReloadAssembly
Native extension for LinuxStandalone target not found
Native extension for WindowsStandalone target not found
Native extension for OSXStandalone target not found
Native extension for WebGL target not found
Refreshing native plugins compatible for Editor in 51.85 ms, found 3 plugins.
Preloading 0 native plugins for Editor in 0.00 ms.
Mono: successfully reloaded assembly
- Completed reload, in  1.213 seconds
Platform modules already initialized, skipping
========================================================================
Worker process is ready to serve import requests
Launched and connected shader compiler UnityShaderCompiler.exe after 0.05 seconds
Refreshing native plugins compatible for Editor in 0.54 ms, found 3 plugins.
Preloading 0 native plugins for Editor in 0.00 ms.
Unloading 2240 Unused Serialized files (Serialized files now loaded: 0)
System memory in use before: 98.2 MB.
System memory in use after: 98.2 MB.

Unloading 33 unused Assets to reduce memory usage. Loaded Objects now: 2677.
Total: 2.705700 ms (FindLiveObjects: 0.307700 ms CreateObjectMapping: 0.091900 ms MarkObjects: 2.181200 ms  DeleteObjects: 0.123700 ms)

========================================================================
Received Import Request.
  path: Assets/FIKSA.png
  artifactKey: Guid(fba46b1f6d3f91340b87c80ea2a98ac0) Importer(815301076,1909f56bfc062723c751e8b465ee728b)
Start importing Assets/FIKSA.png using Guid(fba46b1f6d3f91340b87c80ea2a98ac0) Importer(815301076,1909f56bfc062723c751e8b465ee728b)  -> (artifact id: 'c08c02367fa9c6051284c95bfa47d297') in 0.136222 seconds
  Import took 0.161220 seconds .

========================================================================
Received Import Request.
  Time since last request: 259.365920 seconds.
  path: Assets/FIKSA.png
  artifactKey: Guid(fba46b1f6d3f91340b87c80ea2a98ac0) Importer(815301076,1909f56bfc062723c751e8b465ee728b)
Start importing Assets/FIKSA.png using Guid(fba46b1f6d3f91340b87c80ea2a98ac0) Importer(815301076,1909f56bfc062723c751e8b465ee728b)  -> (artifact id: 'f87e6c4db74ce7306bc7d1095e281234') in 0.022429 seconds
  Import took 0.036753 seconds .

========================================================================
Received Import Request.
  Time since last request: 5.964493 seconds.
  path: Assets/FIKSA.png
  artifactKey: Guid(fba46b1f6d3f91340b87c80ea2a98ac0) Importer(815301076,1909f56bfc062723c751e8b465ee728b)
Start importing Assets/FIKSA.png using Guid(fba46b1f6d3f91340b87c80ea2a98ac0) Importer(815301076,1909f56bfc062723c751e8b465ee728b)  -> (artifact id: '856c79250c53e0e58697bfb794b065c7') in 0.020640 seconds
  Import took 0.027189 seconds .

========================================================================
Received Import Request.
  Time since last request: 47.396235 seconds.
  path: Assets/Scripts/PlayerStats.cs
  artifactKey: Guid(10dfd8867ae247f4ab43350a1acd2179) Importer(815301076,1909f56bfc062723c751e8b465ee728b)
Start importing Assets/Scripts/PlayerStats.cs using Guid(10dfd8867ae247f4ab43350a1acd2179) Importer(815301076,1909f56bfc062723c751e8b465ee728b)  -> (artifact id: '3dcd072fb5637a2d641800dbb0d82f6d') in 0.039990 seconds
  Import took 0.070935 seconds .

========================================================================
Received Import Request.
  Time since last request: 2.426318 seconds.
  path: Assets/Scripts/Movement.cs
  artifactKey: Guid(507d41364c680824a869d499396e9e61) Importer(815301076,1909f56bfc062723c751e8b465ee728b)
Start importing Assets/Scripts/Movement.cs using Guid(507d41364c680824a869d499396e9e61) Importer(815301076,1909f56bfc062723c751e8b465ee728b)  -> (artifact id: 'c798fe92de283e9afc7fbf6b6b8477d7') in 0.009247 seconds
  Import took 0.024072 seconds .

========================================================================
Received Import Request.
  Time since last request: 0.001160 seconds.
  path: Assets/Scripts/Movement.cs
  artifactKey: Guid(507d41364c680824a869d499396e9e61) Importer(815301076,1909f56bfc062723c751e8b465ee728b)
Start importing Assets/Scripts/Movement.cs using Guid(507d41364c680824a869d499396e9e61) Importer(815301076,1909f56bfc062723c751e8b465ee728b)  -> (artifact id: 'c798fe92de283e9afc7fbf6b6b8477d7') in 0.001949 seconds
  Import took 0.005413 seconds .

========================================================================
Received Prepare
Registering precompiled user dll's ...
Registered in 0.003505 seconds.
Begin MonoManager ReloadAssembly
Native extension for LinuxStandalone target not found
Native extension for WindowsStandalone target not found
Native extension for OSXStandalone target not found
Native extension for WebGL target not found
Refreshing native plugins compatible for Editor in 0.56 ms, found 3 plugins.
Preloading 0 native plugins for Editor in 0.00 ms.
Mono: successfully reloaded assembly
- Completed reload, in  1.115 seconds
Platform modules already initialized, skipping
Refreshing native plugins compatible for Editor in 0.57 ms, found 3 plugins.
Preloading 0 native plugins for Editor in 0.00 ms.
Unloading 2232 Unused Serialized files (Serialized files now loaded: 0)
System memory in use before: 101.0 MB.
System memory in use after: 101.0 MB.

Unloading 21 unused Assets to reduce memory usage. Loaded Objects now: 2687.
Total: 3.228100 ms (FindLiveObjects: 0.362100 ms CreateObjectMapping: 0.144700 ms MarkObjects: 2.604600 ms  DeleteObjects: 0.114500 ms)

========================================================================
Received Prepare
Registering precompiled user dll's ...
Registered in 0.004005 seconds.
Begin MonoManager ReloadAssembly
Native extension for LinuxStandalone target not found
Native extension for WindowsStandalone target not found
Native extension for OSXStandalone target not found
Native extension for WebGL target not found
Refreshing native plugins compatible for Editor in 0.57 ms, found 3 plugins.
Preloading 0 native plugins for Editor in 0.00 ms.
Mono: successfully reloaded assembly
- Completed reload, in  1.073 seconds
Platform modules already initialized, skipping
Refreshing native plugins compatible for Editor in 0.60 ms, found 3 plugins.
Preloading 0 native plugins for Editor in 0.00 ms.
Unloading 2232 Unused Serialized files (Serialized files now loaded: 0)
System memory in use before: 101.0 MB.
System memory in use after: 101.0 MB.

Unloading 21 unused Assets to reduce memory usage. Loaded Objects now: 2691.
Total: 3.097300 ms (FindLiveObjects: 0.344300 ms CreateObjectMapping: 0.106900 ms MarkObjects: 2.532300 ms  DeleteObjects: 0.111600 ms)

========================================================================
Received Prepare
Registering precompiled user dll's ...
Registered in 0.003726 seconds.
Begin MonoManager ReloadAssembly
Native extension for LinuxStandalone target not found
Native extension for WindowsStandalone target not found
Native extension for OSXStandalone target not found
Native extension for WebGL target not found
Refreshing native plugins compatible for Editor in 0.60 ms, found 3 plugins.
Preloading 0 native plugins for Editor in 0.00 ms.
Mono: successfully reloaded assembly
- Completed reload, in  1.082 seconds
Platform modules already initialized, skipping
Refreshing native plugins compatible for Editor in 0.58 ms, found 3 plugins.
Preloading 0 native plugins for Editor in 0.00 ms.
Unloading 2232 Unused Serialized files (Serialized files now loaded: 0)
System memory in use before: 101.0 MB.
System memory in use after: 101.1 MB.

Unloading 21 unused Assets to reduce memory usage. Loaded Objects now: 2695.
Total: 2.223900 ms (FindLiveObjects: 0.206100 ms CreateObjectMapping: 0.048700 ms MarkObjects: 1.870900 ms  DeleteObjects: 0.096900 ms)

AssetImportWorkerClient::OnTransportError - code=2 error=End of file
